{"C:\\Users\\OLIVE\\Desktop\\sailingloc_projet\\backend\\src\\controllers\\adminController.js": {"path":"C:\\Users\\OLIVE\\Desktop\\sailingloc_projet\\backend\\src\\controllers\\adminController.js","statementMap":{"0":{"start":{"line":8,"column":4},"end":{"line":8,"column":24}},"1":{"start":{"line":11,"column":0},"end":{"line":27,"column":2}},"2":{"start":{"line":12,"column":2},"end":{"line":26,"column":3}},"3":{"start":{"line":13,"column":18},"end":{"line":16,"column":6}},"4":{"start":{"line":18,"column":4},"end":{"line":21,"column":7}},"5":{"start":{"line":23,"column":4},"end":{"line":25,"column":7}},"6":{"start":{"line":30,"column":0},"end":{"line":66,"column":2}},"7":{"start":{"line":31,"column":2},"end":{"line":65,"column":3}},"8":{"start":{"line":32,"column":19},"end":{"line":32,"column":29}},"9":{"start":{"line":33,"column":21},"end":{"line":33,"column":29}},"10":{"start":{"line":35,"column":4},"end":{"line":39,"column":5}},"11":{"start":{"line":36,"column":6},"end":{"line":38,"column":9}},"12":{"start":{"line":41,"column":17},"end":{"line":41,"column":40}},"13":{"start":{"line":43,"column":4},"end":{"line":47,"column":5}},"14":{"start":{"line":44,"column":6},"end":{"line":46,"column":9}},"15":{"start":{"line":49,"column":4},"end":{"line":49,"column":32}},"16":{"start":{"line":51,"column":4},"end":{"line":60,"column":7}},"17":{"start":{"line":62,"column":4},"end":{"line":64,"column":7}},"18":{"start":{"line":69,"column":0},"end":{"line":88,"column":2}},"19":{"start":{"line":70,"column":2},"end":{"line":87,"column":3}},"20":{"start":{"line":71,"column":21},"end":{"line":77,"column":6}},"21":{"start":{"line":79,"column":4},"end":{"line":82,"column":7}},"22":{"start":{"line":84,"column":4},"end":{"line":86,"column":7}},"23":{"start":{"line":91,"column":0},"end":{"line":115,"column":2}},"24":{"start":{"line":92,"column":2},"end":{"line":114,"column":3}},"25":{"start":{"line":93,"column":21},"end":{"line":104,"column":6}},"26":{"start":{"line":106,"column":4},"end":{"line":109,"column":7}},"27":{"start":{"line":111,"column":4},"end":{"line":113,"column":7}},"28":{"start":{"line":118,"column":0},"end":{"line":137,"column":2}},"29":{"start":{"line":119,"column":2},"end":{"line":136,"column":3}},"30":{"start":{"line":120,"column":22},"end":{"line":126,"column":6}},"31":{"start":{"line":128,"column":4},"end":{"line":131,"column":7}},"32":{"start":{"line":133,"column":4},"end":{"line":135,"column":7}},"33":{"start":{"line":140,"column":0},"end":{"line":160,"column":2}},"34":{"start":{"line":141,"column":2},"end":{"line":159,"column":3}},"35":{"start":{"line":142,"column":20},"end":{"line":149,"column":6}},"36":{"start":{"line":151,"column":4},"end":{"line":154,"column":7}},"37":{"start":{"line":156,"column":4},"end":{"line":158,"column":7}},"38":{"start":{"line":162,"column":0},"end":{"line":173,"column":2}},"39":{"start":{"line":163,"column":2},"end":{"line":172,"column":3}},"40":{"start":{"line":164,"column":19},"end":{"line":164,"column":55}},"41":{"start":{"line":165,"column":4},"end":{"line":167,"column":5}},"42":{"start":{"line":166,"column":6},"end":{"line":166,"column":67}},"43":{"start":{"line":168,"column":4},"end":{"line":168,"column":27}},"44":{"start":{"line":169,"column":4},"end":{"line":169,"column":62}},"45":{"start":{"line":171,"column":4},"end":{"line":171,"column":60}}},"fnMap":{"0":{"name":"(anonymous_0)","decl":{"start":{"line":11,"column":22},"end":{"line":11,"column":23}},"loc":{"start":{"line":11,"column":42},"end":{"line":27,"column":1}},"line":11},"1":{"name":"(anonymous_1)","decl":{"start":{"line":30,"column":25},"end":{"line":30,"column":26}},"loc":{"start":{"line":30,"column":45},"end":{"line":66,"column":1}},"line":30},"2":{"name":"(anonymous_2)","decl":{"start":{"line":69,"column":25},"end":{"line":69,"column":26}},"loc":{"start":{"line":69,"column":45},"end":{"line":88,"column":1}},"line":69},"3":{"name":"(anonymous_3)","decl":{"start":{"line":91,"column":25},"end":{"line":91,"column":26}},"loc":{"start":{"line":91,"column":45},"end":{"line":115,"column":1}},"line":91},"4":{"name":"(anonymous_4)","decl":{"start":{"line":118,"column":26},"end":{"line":118,"column":27}},"loc":{"start":{"line":118,"column":46},"end":{"line":137,"column":1}},"line":118},"5":{"name":"(anonymous_5)","decl":{"start":{"line":140,"column":24},"end":{"line":140,"column":25}},"loc":{"start":{"line":140,"column":44},"end":{"line":160,"column":1}},"line":140},"6":{"name":"(anonymous_6)","decl":{"start":{"line":162,"column":23},"end":{"line":162,"column":24}},"loc":{"start":{"line":162,"column":43},"end":{"line":173,"column":1}},"line":162}},"branchMap":{"0":{"loc":{"start":{"line":35,"column":4},"end":{"line":39,"column":5}},"type":"if","locations":[{"start":{"line":35,"column":4},"end":{"line":39,"column":5}},{"start":{},"end":{}}],"line":35},"1":{"loc":{"start":{"line":43,"column":4},"end":{"line":47,"column":5}},"type":"if","locations":[{"start":{"line":43,"column":4},"end":{"line":47,"column":5}},{"start":{},"end":{}}],"line":43},"2":{"loc":{"start":{"line":165,"column":4},"end":{"line":167,"column":5}},"type":"if","locations":[{"start":{"line":165,"column":4},"end":{"line":167,"column":5}},{"start":{},"end":{}}],"line":165}},"s":{"0":1,"1":1,"2":1,"3":1,"4":1,"5":0,"6":1,"7":0,"8":0,"9":0,"10":0,"11":0,"12":0,"13":0,"14":0,"15":0,"16":0,"17":0,"18":1,"19":1,"20":1,"21":1,"22":0,"23":1,"24":1,"25":1,"26":1,"27":0,"28":1,"29":0,"30":0,"31":0,"32":0,"33":1,"34":0,"35":0,"36":0,"37":0,"38":1,"39":0,"40":0,"41":0,"42":0,"43":0,"44":0,"45":0},"f":{"0":1,"1":0,"2":1,"3":1,"4":0,"5":0,"6":0},"b":{"0":[0,0],"1":[0,0],"2":[0,0]},"_coverageSchema":"1a1c01bbd47fc00a2c39e90264f33305004495a9","hash":"9629999b93f6f2930069c30350248622798bfdbb"}
,"C:\\Users\\OLIVE\\Desktop\\sailingloc_projet\\backend\\src\\controllers\\articleController.js": {"path":"C:\\Users\\OLIVE\\Desktop\\sailingloc_projet\\backend\\src\\controllers\\articleController.js","statementMap":{"0":{"start":{"line":1,"column":20},"end":{"line":1,"column":40}},"1":{"start":{"line":6,"column":0},"end":{"line":22,"column":2}},"2":{"start":{"line":7,"column":2},"end":{"line":21,"column":3}},"3":{"start":{"line":8,"column":26},"end":{"line":8,"column":35}},"4":{"start":{"line":10,"column":18},"end":{"line":10,"column":34}},"5":{"start":{"line":11,"column":4},"end":{"line":11,"column":47}},"6":{"start":{"line":11,"column":19},"end":{"line":11,"column":47}},"7":{"start":{"line":13,"column":21},"end":{"line":16,"column":6}},"8":{"start":{"line":18,"column":4},"end":{"line":18,"column":46}},"9":{"start":{"line":20,"column":4},"end":{"line":20,"column":60}},"10":{"start":{"line":27,"column":0},"end":{"line":39,"column":2}},"11":{"start":{"line":28,"column":2},"end":{"line":38,"column":3}},"12":{"start":{"line":29,"column":20},"end":{"line":29,"column":57}},"13":{"start":{"line":31,"column":4},"end":{"line":33,"column":5}},"14":{"start":{"line":32,"column":6},"end":{"line":32,"column":70}},"15":{"start":{"line":35,"column":4},"end":{"line":35,"column":45}},"16":{"start":{"line":37,"column":4},"end":{"line":37,"column":60}},"17":{"start":{"line":44,"column":0},"end":{"line":54,"column":2}},"18":{"start":{"line":45,"column":2},"end":{"line":53,"column":3}},"19":{"start":{"line":46,"column":21},"end":{"line":48,"column":6}},"20":{"start":{"line":50,"column":4},"end":{"line":50,"column":46}},"21":{"start":{"line":52,"column":4},"end":{"line":52,"column":60}},"22":{"start":{"line":59,"column":0},"end":{"line":86,"column":2}},"23":{"start":{"line":60,"column":2},"end":{"line":85,"column":3}},"24":{"start":{"line":61,"column":84},"end":{"line":61,"column":92}},"25":{"start":{"line":63,"column":4},"end":{"line":67,"column":5}},"26":{"start":{"line":64,"column":6},"end":{"line":66,"column":9}},"27":{"start":{"line":69,"column":20},"end":{"line":77,"column":6}},"28":{"start":{"line":79,"column":4},"end":{"line":82,"column":7}},"29":{"start":{"line":84,"column":4},"end":{"line":84,"column":60}},"30":{"start":{"line":91,"column":0},"end":{"line":118,"column":2}},"31":{"start":{"line":92,"column":2},"end":{"line":117,"column":3}},"32":{"start":{"line":93,"column":20},"end":{"line":93,"column":57}},"33":{"start":{"line":95,"column":4},"end":{"line":97,"column":5}},"34":{"start":{"line":96,"column":6},"end":{"line":96,"column":70}},"35":{"start":{"line":99,"column":84},"end":{"line":99,"column":92}},"36":{"start":{"line":101,"column":4},"end":{"line":109,"column":7}},"37":{"start":{"line":111,"column":4},"end":{"line":114,"column":7}},"38":{"start":{"line":116,"column":4},"end":{"line":116,"column":60}},"39":{"start":{"line":123,"column":0},"end":{"line":137,"column":2}},"40":{"start":{"line":124,"column":2},"end":{"line":136,"column":3}},"41":{"start":{"line":125,"column":20},"end":{"line":125,"column":57}},"42":{"start":{"line":127,"column":4},"end":{"line":129,"column":5}},"43":{"start":{"line":128,"column":6},"end":{"line":128,"column":70}},"44":{"start":{"line":131,"column":4},"end":{"line":131,"column":28}},"45":{"start":{"line":133,"column":4},"end":{"line":133,"column":65}},"46":{"start":{"line":135,"column":4},"end":{"line":135,"column":60}}},"fnMap":{"0":{"name":"(anonymous_0)","decl":{"start":{"line":6,"column":31},"end":{"line":6,"column":32}},"loc":{"start":{"line":6,"column":51},"end":{"line":22,"column":1}},"line":6},"1":{"name":"(anonymous_1)","decl":{"start":{"line":27,"column":25},"end":{"line":27,"column":26}},"loc":{"start":{"line":27,"column":45},"end":{"line":39,"column":1}},"line":27},"2":{"name":"(anonymous_2)","decl":{"start":{"line":44,"column":25},"end":{"line":44,"column":26}},"loc":{"start":{"line":44,"column":45},"end":{"line":54,"column":1}},"line":44},"3":{"name":"(anonymous_3)","decl":{"start":{"line":59,"column":24},"end":{"line":59,"column":25}},"loc":{"start":{"line":59,"column":44},"end":{"line":86,"column":1}},"line":59},"4":{"name":"(anonymous_4)","decl":{"start":{"line":91,"column":24},"end":{"line":91,"column":25}},"loc":{"start":{"line":91,"column":44},"end":{"line":118,"column":1}},"line":91},"5":{"name":"(anonymous_5)","decl":{"start":{"line":123,"column":24},"end":{"line":123,"column":25}},"loc":{"start":{"line":123,"column":44},"end":{"line":137,"column":1}},"line":123}},"branchMap":{"0":{"loc":{"start":{"line":11,"column":4},"end":{"line":11,"column":47}},"type":"if","locations":[{"start":{"line":11,"column":4},"end":{"line":11,"column":47}},{"start":{},"end":{}}],"line":11},"1":{"loc":{"start":{"line":31,"column":4},"end":{"line":33,"column":5}},"type":"if","locations":[{"start":{"line":31,"column":4},"end":{"line":33,"column":5}},{"start":{},"end":{}}],"line":31},"2":{"loc":{"start":{"line":31,"column":8},"end":{"line":31,"column":35}},"type":"binary-expr","locations":[{"start":{"line":31,"column":8},"end":{"line":31,"column":16}},{"start":{"line":31,"column":20},"end":{"line":31,"column":35}}],"line":31},"3":{"loc":{"start":{"line":63,"column":4},"end":{"line":67,"column":5}},"type":"if","locations":[{"start":{"line":63,"column":4},"end":{"line":67,"column":5}},{"start":{},"end":{}}],"line":63},"4":{"loc":{"start":{"line":63,"column":8},"end":{"line":63,"column":52}},"type":"binary-expr","locations":[{"start":{"line":63,"column":8},"end":{"line":63,"column":14}},{"start":{"line":63,"column":18},"end":{"line":63,"column":28}},{"start":{"line":63,"column":32},"end":{"line":63,"column":40}},{"start":{"line":63,"column":44},"end":{"line":63,"column":52}}],"line":63},"5":{"loc":{"start":{"line":74,"column":17},"end":{"line":74,"column":38}},"type":"binary-expr","locations":[{"start":{"line":74,"column":17},"end":{"line":74,"column":26}},{"start":{"line":74,"column":30},"end":{"line":74,"column":38}}],"line":74},"6":{"loc":{"start":{"line":75,"column":20},"end":{"line":75,"column":43}},"type":"binary-expr","locations":[{"start":{"line":75,"column":20},"end":{"line":75,"column":32}},{"start":{"line":75,"column":36},"end":{"line":75,"column":43}}],"line":75},"7":{"loc":{"start":{"line":95,"column":4},"end":{"line":97,"column":5}},"type":"if","locations":[{"start":{"line":95,"column":4},"end":{"line":97,"column":5}},{"start":{},"end":{}}],"line":95},"8":{"loc":{"start":{"line":102,"column":13},"end":{"line":102,"column":35}},"type":"binary-expr","locations":[{"start":{"line":102,"column":13},"end":{"line":102,"column":18}},{"start":{"line":102,"column":22},"end":{"line":102,"column":35}}],"line":102},"9":{"loc":{"start":{"line":103,"column":17},"end":{"line":103,"column":47}},"type":"binary-expr","locations":[{"start":{"line":103,"column":17},"end":{"line":103,"column":26}},{"start":{"line":103,"column":30},"end":{"line":103,"column":47}}],"line":103},"10":{"loc":{"start":{"line":104,"column":15},"end":{"line":104,"column":41}},"type":"binary-expr","locations":[{"start":{"line":104,"column":15},"end":{"line":104,"column":22}},{"start":{"line":104,"column":26},"end":{"line":104,"column":41}}],"line":104},"11":{"loc":{"start":{"line":105,"column":15},"end":{"line":105,"column":41}},"type":"binary-expr","locations":[{"start":{"line":105,"column":15},"end":{"line":105,"column":22}},{"start":{"line":105,"column":26},"end":{"line":105,"column":41}}],"line":105},"12":{"loc":{"start":{"line":106,"column":17},"end":{"line":106,"column":47}},"type":"binary-expr","locations":[{"start":{"line":106,"column":17},"end":{"line":106,"column":26}},{"start":{"line":106,"column":30},"end":{"line":106,"column":47}}],"line":106},"13":{"loc":{"start":{"line":107,"column":20},"end":{"line":107,"column":56}},"type":"binary-expr","locations":[{"start":{"line":107,"column":20},"end":{"line":107,"column":32}},{"start":{"line":107,"column":36},"end":{"line":107,"column":56}}],"line":107},"14":{"loc":{"start":{"line":108,"column":14},"end":{"line":108,"column":69}},"type":"cond-expr","locations":[{"start":{"line":108,"column":37},"end":{"line":108,"column":52}},{"start":{"line":108,"column":55},"end":{"line":108,"column":69}}],"line":108},"15":{"loc":{"start":{"line":127,"column":4},"end":{"line":129,"column":5}},"type":"if","locations":[{"start":{"line":127,"column":4},"end":{"line":129,"column":5}},{"start":{},"end":{}}],"line":127}},"s":{"0":1,"1":1,"2":1,"3":1,"4":1,"5":1,"6":0,"7":1,"8":1,"9":0,"10":1,"11":0,"12":0,"13":0,"14":0,"15":0,"16":0,"17":1,"18":0,"19":0,"20":0,"21":0,"22":1,"23":0,"24":0,"25":0,"26":0,"27":0,"28":0,"29":0,"30":1,"31":0,"32":0,"33":0,"34":0,"35":0,"36":0,"37":0,"38":0,"39":1,"40":0,"41":0,"42":0,"43":0,"44":0,"45":0,"46":0},"f":{"0":1,"1":0,"2":0,"3":0,"4":0,"5":0},"b":{"0":[0,1],"1":[0,0],"2":[0,0],"3":[0,0],"4":[0,0,0,0],"5":[0,0],"6":[0,0],"7":[0,0],"8":[0,0],"9":[0,0],"10":[0,0],"11":[0,0],"12":[0,0],"13":[0,0],"14":[0,0],"15":[0,0]},"_coverageSchema":"1a1c01bbd47fc00a2c39e90264f33305004495a9","hash":"c9b189dec3c679c1942d1527a9765f337544975a"}
,"C:\\Users\\OLIVE\\Desktop\\sailingloc_projet\\backend\\src\\controllers\\authController.js": {"path":"C:\\Users\\OLIVE\\Desktop\\sailingloc_projet\\backend\\src\\controllers\\authController.js","statementMap":{"0":{"start":{"line":1,"column":15},"end":{"line":1,"column":34}},"1":{"start":{"line":2,"column":12},"end":{"line":2,"column":35}},"2":{"start":{"line":3,"column":15},"end":{"line":3,"column":32}},"3":{"start":{"line":4,"column":31},"end":{"line":4,"column":51}},"4":{"start":{"line":5,"column":22},"end":{"line":5,"column":57}},"5":{"start":{"line":6,"column":49},"end":{"line":6,"column":79}},"6":{"start":{"line":13,"column":4},"end":{"line":13,"column":30}},"7":{"start":{"line":19,"column":27},"end":{"line":19,"column":56}},"8":{"start":{"line":25,"column":21},"end":{"line":28,"column":1}},"9":{"start":{"line":26,"column":38},"end":{"line":26,"column":51}},"10":{"start":{"line":27,"column":2},"end":{"line":27,"column":18}},"11":{"start":{"line":30,"column":28},"end":{"line":41,"column":3}},"12":{"start":{"line":31,"column":2},"end":{"line":41,"column":3}},"13":{"start":{"line":46,"column":0},"end":{"line":46,"column":50}},"14":{"start":{"line":47,"column":0},"end":{"line":47,"column":36}},"15":{"start":{"line":51,"column":26},"end":{"line":61,"column":1}},"16":{"start":{"line":52,"column":35},"end":{"line":52,"column":55}},"17":{"start":{"line":54,"column":2},"end":{"line":58,"column":5}},"18":{"start":{"line":60,"column":2},"end":{"line":60,"column":63}},"19":{"start":{"line":67,"column":0},"end":{"line":130,"column":2}},"20":{"start":{"line":68,"column":2},"end":{"line":129,"column":3}},"21":{"start":{"line":69,"column":53},"end":{"line":69,"column":61}},"22":{"start":{"line":71,"column":4},"end":{"line":75,"column":5}},"23":{"start":{"line":72,"column":6},"end":{"line":74,"column":9}},"24":{"start":{"line":77,"column":4},"end":{"line":81,"column":5}},"25":{"start":{"line":78,"column":6},"end":{"line":80,"column":9}},"26":{"start":{"line":83,"column":26},"end":{"line":83,"column":60}},"27":{"start":{"line":84,"column":4},"end":{"line":86,"column":5}},"28":{"start":{"line":85,"column":6},"end":{"line":85,"column":70}},"29":{"start":{"line":89,"column":25},"end":{"line":91,"column":6}},"30":{"start":{"line":93,"column":4},"end":{"line":97,"column":5}},"31":{"start":{"line":94,"column":6},"end":{"line":96,"column":9}},"32":{"start":{"line":102,"column":21},"end":{"line":102,"column":75}},"33":{"start":{"line":105,"column":27},"end":{"line":105,"column":60}},"34":{"start":{"line":108,"column":17},"end":{"line":114,"column":6}},"35":{"start":{"line":117,"column":24},"end":{"line":117,"column":49}},"36":{"start":{"line":118,"column":4},"end":{"line":118,"column":39}},"37":{"start":{"line":120,"column":4},"end":{"line":124,"column":7}},"38":{"start":{"line":126,"column":4},"end":{"line":128,"column":7}},"39":{"start":{"line":136,"column":0},"end":{"line":187,"column":2}},"40":{"start":{"line":137,"column":2},"end":{"line":186,"column":3}},"41":{"start":{"line":138,"column":34},"end":{"line":138,"column":42}},"42":{"start":{"line":140,"column":4},"end":{"line":144,"column":5}},"43":{"start":{"line":141,"column":6},"end":{"line":143,"column":9}},"44":{"start":{"line":149,"column":17},"end":{"line":151,"column":6}},"45":{"start":{"line":156,"column":31},"end":{"line":159,"column":8}},"46":{"start":{"line":157,"column":6},"end":{"line":159,"column":8}},"47":{"start":{"line":161,"column":4},"end":{"line":163,"column":5}},"48":{"start":{"line":162,"column":6},"end":{"line":162,"column":34}},"49":{"start":{"line":165,"column":28},"end":{"line":168,"column":5}},"50":{"start":{"line":170,"column":4},"end":{"line":172,"column":5}},"51":{"start":{"line":171,"column":6},"end":{"line":171,"column":34}},"52":{"start":{"line":174,"column":24},"end":{"line":174,"column":49}},"53":{"start":{"line":175,"column":4},"end":{"line":175,"column":39}},"54":{"start":{"line":177,"column":4},"end":{"line":181,"column":7}},"55":{"start":{"line":183,"column":4},"end":{"line":185,"column":7}},"56":{"start":{"line":193,"column":0},"end":{"line":249,"column":2}},"57":{"start":{"line":194,"column":2},"end":{"line":248,"column":3}},"58":{"start":{"line":195,"column":21},"end":{"line":195,"column":55}},"59":{"start":{"line":197,"column":4},"end":{"line":201,"column":5}},"60":{"start":{"line":198,"column":6},"end":{"line":200,"column":9}},"61":{"start":{"line":203,"column":22},"end":{"line":203,"column":41}},"62":{"start":{"line":205,"column":24},"end":{"line":207,"column":6}},"63":{"start":{"line":209,"column":19},"end":{"line":214,"column":5}},"64":{"start":{"line":210,"column":6},"end":{"line":210,"column":67}},"65":{"start":{"line":211,"column":6},"end":{"line":213,"column":9}},"66":{"start":{"line":216,"column":4},"end":{"line":218,"column":5}},"67":{"start":{"line":217,"column":6},"end":{"line":217,"column":22}},"68":{"start":{"line":220,"column":4},"end":{"line":223,"column":5}},"69":{"start":{"line":221,"column":6},"end":{"line":221,"column":58}},"70":{"start":{"line":222,"column":6},"end":{"line":222,"column":22}},"71":{"start":{"line":225,"column":17},"end":{"line":225,"column":56}},"72":{"start":{"line":227,"column":4},"end":{"line":229,"column":5}},"73":{"start":{"line":228,"column":6},"end":{"line":228,"column":22}},"74":{"start":{"line":234,"column":4},"end":{"line":234,"column":56}},"75":{"start":{"line":235,"column":4},"end":{"line":235,"column":39}},"76":{"start":{"line":237,"column":24},"end":{"line":237,"column":49}},"77":{"start":{"line":239,"column":4},"end":{"line":243,"column":7}},"78":{"start":{"line":245,"column":4},"end":{"line":247,"column":7}},"79":{"start":{"line":255,"column":0},"end":{"line":277,"column":2}},"80":{"start":{"line":256,"column":2},"end":{"line":276,"column":3}},"81":{"start":{"line":257,"column":21},"end":{"line":257,"column":55}},"82":{"start":{"line":259,"column":4},"end":{"line":265,"column":5}},"83":{"start":{"line":260,"column":24},"end":{"line":260,"column":43}},"84":{"start":{"line":261,"column":6},"end":{"line":264,"column":8}},"85":{"start":{"line":267,"column":4},"end":{"line":267,"column":65}},"86":{"start":{"line":269,"column":4},"end":{"line":271,"column":7}},"87":{"start":{"line":273,"column":4},"end":{"line":275,"column":7}},"88":{"start":{"line":283,"column":0},"end":{"line":302,"column":2}},"89":{"start":{"line":284,"column":2},"end":{"line":301,"column":3}},"90":{"start":{"line":285,"column":17},"end":{"line":285,"column":49}},"91":{"start":{"line":287,"column":4},"end":{"line":291,"column":5}},"92":{"start":{"line":288,"column":6},"end":{"line":290,"column":9}},"93":{"start":{"line":293,"column":4},"end":{"line":296,"column":7}},"94":{"start":{"line":298,"column":4},"end":{"line":300,"column":7}},"95":{"start":{"line":311,"column":0},"end":{"line":372,"column":2}},"96":{"start":{"line":312,"column":2},"end":{"line":371,"column":3}},"97":{"start":{"line":313,"column":22},"end":{"line":313,"column":30}},"98":{"start":{"line":315,"column":4},"end":{"line":317,"column":5}},"99":{"start":{"line":316,"column":6},"end":{"line":316,"column":79}},"100":{"start":{"line":319,"column":17},"end":{"line":319,"column":68}},"101":{"start":{"line":323,"column":4},"end":{"line":328,"column":5}},"102":{"start":{"line":324,"column":6},"end":{"line":327,"column":9}},"103":{"start":{"line":330,"column":22},"end":{"line":330,"column":60}},"104":{"start":{"line":331,"column":25},"end":{"line":331,"column":62}},"105":{"start":{"line":333,"column":4},"end":{"line":336,"column":7}},"106":{"start":{"line":338,"column":21},"end":{"line":338,"column":84}},"107":{"start":{"line":340,"column":4},"end":{"line":363,"column":7}},"108":{"start":{"line":365,"column":4},"end":{"line":368,"column":7}},"109":{"start":{"line":370,"column":4},"end":{"line":370,"column":60}},"110":{"start":{"line":377,"column":0},"end":{"line":422,"column":2}},"111":{"start":{"line":378,"column":2},"end":{"line":421,"column":3}},"112":{"start":{"line":379,"column":34},"end":{"line":379,"column":42}},"113":{"start":{"line":381,"column":4},"end":{"line":383,"column":5}},"114":{"start":{"line":382,"column":6},"end":{"line":382,"column":88}},"115":{"start":{"line":389,"column":26},"end":{"line":389,"column":60}},"116":{"start":{"line":390,"column":4},"end":{"line":392,"column":5}},"117":{"start":{"line":391,"column":6},"end":{"line":391,"column":70}},"118":{"start":{"line":394,"column":17},"end":{"line":396,"column":6}},"119":{"start":{"line":398,"column":4},"end":{"line":400,"column":5}},"120":{"start":{"line":399,"column":6},"end":{"line":399,"column":81}},"121":{"start":{"line":402,"column":4},"end":{"line":406,"column":5}},"122":{"start":{"line":403,"column":6},"end":{"line":405,"column":9}},"123":{"start":{"line":408,"column":27},"end":{"line":408,"column":60}},"124":{"start":{"line":410,"column":4},"end":{"line":414,"column":7}},"125":{"start":{"line":416,"column":4},"end":{"line":418,"column":7}},"126":{"start":{"line":420,"column":4},"end":{"line":420,"column":60}}},"fnMap":{"0":{"name":"(anonymous_0)","decl":{"start":{"line":25,"column":21},"end":{"line":25,"column":22}},"loc":{"start":{"line":25,"column":31},"end":{"line":28,"column":1}},"line":25},"1":{"name":"(anonymous_1)","decl":{"start":{"line":30,"column":28},"end":{"line":30,"column":29}},"loc":{"start":{"line":31,"column":2},"end":{"line":41,"column":3}},"line":31},"2":{"name":"(anonymous_2)","decl":{"start":{"line":51,"column":26},"end":{"line":51,"column":27}},"loc":{"start":{"line":51,"column":47},"end":{"line":61,"column":1}},"line":51},"3":{"name":"(anonymous_3)","decl":{"start":{"line":67,"column":19},"end":{"line":67,"column":20}},"loc":{"start":{"line":67,"column":39},"end":{"line":130,"column":1}},"line":67},"4":{"name":"(anonymous_4)","decl":{"start":{"line":136,"column":16},"end":{"line":136,"column":17}},"loc":{"start":{"line":136,"column":36},"end":{"line":187,"column":1}},"line":136},"5":{"name":"(anonymous_5)","decl":{"start":{"line":156,"column":31},"end":{"line":156,"column":32}},"loc":{"start":{"line":157,"column":6},"end":{"line":159,"column":8}},"line":157},"6":{"name":"(anonymous_6)","decl":{"start":{"line":193,"column":18},"end":{"line":193,"column":19}},"loc":{"start":{"line":193,"column":38},"end":{"line":249,"column":1}},"line":193},"7":{"name":"(anonymous_7)","decl":{"start":{"line":209,"column":19},"end":{"line":209,"column":20}},"loc":{"start":{"line":209,"column":25},"end":{"line":214,"column":5}},"line":209},"8":{"name":"(anonymous_8)","decl":{"start":{"line":255,"column":17},"end":{"line":255,"column":18}},"loc":{"start":{"line":255,"column":37},"end":{"line":277,"column":1}},"line":255},"9":{"name":"(anonymous_9)","decl":{"start":{"line":283,"column":21},"end":{"line":283,"column":22}},"loc":{"start":{"line":283,"column":41},"end":{"line":302,"column":1}},"line":283},"10":{"name":"(anonymous_10)","decl":{"start":{"line":311,"column":25},"end":{"line":311,"column":26}},"loc":{"start":{"line":311,"column":45},"end":{"line":372,"column":1}},"line":311},"11":{"name":"(anonymous_11)","decl":{"start":{"line":377,"column":24},"end":{"line":377,"column":25}},"loc":{"start":{"line":377,"column":44},"end":{"line":422,"column":1}},"line":377}},"branchMap":{"0":{"loc":{"start":{"line":71,"column":4},"end":{"line":75,"column":5}},"type":"if","locations":[{"start":{"line":71,"column":4},"end":{"line":75,"column":5}},{"start":{},"end":{}}],"line":71},"1":{"loc":{"start":{"line":71,"column":8},"end":{"line":71,"column":48}},"type":"binary-expr","locations":[{"start":{"line":71,"column":8},"end":{"line":71,"column":12}},{"start":{"line":71,"column":16},"end":{"line":71,"column":23}},{"start":{"line":71,"column":27},"end":{"line":71,"column":33}},{"start":{"line":71,"column":37},"end":{"line":71,"column":48}}],"line":71},"2":{"loc":{"start":{"line":77,"column":4},"end":{"line":81,"column":5}},"type":"if","locations":[{"start":{"line":77,"column":4},"end":{"line":81,"column":5}},{"start":{},"end":{}}],"line":77},"3":{"loc":{"start":{"line":84,"column":4},"end":{"line":86,"column":5}},"type":"if","locations":[{"start":{"line":84,"column":4},"end":{"line":86,"column":5}},{"start":{},"end":{}}],"line":84},"4":{"loc":{"start":{"line":93,"column":4},"end":{"line":97,"column":5}},"type":"if","locations":[{"start":{"line":93,"column":4},"end":{"line":97,"column":5}},{"start":{},"end":{}}],"line":93},"5":{"loc":{"start":{"line":102,"column":21},"end":{"line":102,"column":75}},"type":"cond-expr","locations":[{"start":{"line":102,"column":57},"end":{"line":102,"column":61}},{"start":{"line":102,"column":64},"end":{"line":102,"column":75}}],"line":102},"6":{"loc":{"start":{"line":140,"column":4},"end":{"line":144,"column":5}},"type":"if","locations":[{"start":{"line":140,"column":4},"end":{"line":144,"column":5}},{"start":{},"end":{}}],"line":140},"7":{"loc":{"start":{"line":140,"column":8},"end":{"line":140,"column":29}},"type":"binary-expr","locations":[{"start":{"line":140,"column":8},"end":{"line":140,"column":14}},{"start":{"line":140,"column":18},"end":{"line":140,"column":29}}],"line":140},"8":{"loc":{"start":{"line":161,"column":4},"end":{"line":163,"column":5}},"type":"if","locations":[{"start":{"line":161,"column":4},"end":{"line":163,"column":5}},{"start":{},"end":{}}],"line":161},"9":{"loc":{"start":{"line":170,"column":4},"end":{"line":172,"column":5}},"type":"if","locations":[{"start":{"line":170,"column":4},"end":{"line":172,"column":5}},{"start":{},"end":{}}],"line":170},"10":{"loc":{"start":{"line":197,"column":4},"end":{"line":201,"column":5}},"type":"if","locations":[{"start":{"line":197,"column":4},"end":{"line":201,"column":5}},{"start":{},"end":{}}],"line":197},"11":{"loc":{"start":{"line":216,"column":4},"end":{"line":218,"column":5}},"type":"if","locations":[{"start":{"line":216,"column":4},"end":{"line":218,"column":5}},{"start":{},"end":{}}],"line":216},"12":{"loc":{"start":{"line":216,"column":8},"end":{"line":216,"column":45}},"type":"binary-expr","locations":[{"start":{"line":216,"column":8},"end":{"line":216,"column":20}},{"start":{"line":216,"column":24},"end":{"line":216,"column":45}}],"line":216},"13":{"loc":{"start":{"line":220,"column":4},"end":{"line":223,"column":5}},"type":"if","locations":[{"start":{"line":220,"column":4},"end":{"line":223,"column":5}},{"start":{},"end":{}}],"line":220},"14":{"loc":{"start":{"line":227,"column":4},"end":{"line":229,"column":5}},"type":"if","locations":[{"start":{"line":227,"column":4},"end":{"line":229,"column":5}},{"start":{},"end":{}}],"line":227},"15":{"loc":{"start":{"line":259,"column":4},"end":{"line":265,"column":5}},"type":"if","locations":[{"start":{"line":259,"column":4},"end":{"line":265,"column":5}},{"start":{},"end":{}}],"line":259},"16":{"loc":{"start":{"line":287,"column":4},"end":{"line":291,"column":5}},"type":"if","locations":[{"start":{"line":287,"column":4},"end":{"line":291,"column":5}},{"start":{},"end":{}}],"line":287},"17":{"loc":{"start":{"line":315,"column":4},"end":{"line":317,"column":5}},"type":"if","locations":[{"start":{"line":315,"column":4},"end":{"line":317,"column":5}},{"start":{},"end":{}}],"line":315},"18":{"loc":{"start":{"line":323,"column":4},"end":{"line":328,"column":5}},"type":"if","locations":[{"start":{"line":323,"column":4},"end":{"line":328,"column":5}},{"start":{},"end":{}}],"line":323},"19":{"loc":{"start":{"line":381,"column":4},"end":{"line":383,"column":5}},"type":"if","locations":[{"start":{"line":381,"column":4},"end":{"line":383,"column":5}},{"start":{},"end":{}}],"line":381},"20":{"loc":{"start":{"line":381,"column":8},"end":{"line":381,"column":29}},"type":"binary-expr","locations":[{"start":{"line":381,"column":8},"end":{"line":381,"column":14}},{"start":{"line":381,"column":18},"end":{"line":381,"column":29}}],"line":381},"21":{"loc":{"start":{"line":390,"column":4},"end":{"line":392,"column":5}},"type":"if","locations":[{"start":{"line":390,"column":4},"end":{"line":392,"column":5}},{"start":{},"end":{}}],"line":390},"22":{"loc":{"start":{"line":398,"column":4},"end":{"line":400,"column":5}},"type":"if","locations":[{"start":{"line":398,"column":4},"end":{"line":400,"column":5}},{"start":{},"end":{}}],"line":398},"23":{"loc":{"start":{"line":402,"column":4},"end":{"line":406,"column":5}},"type":"if","locations":[{"start":{"line":402,"column":4},"end":{"line":406,"column":5}},{"start":{},"end":{}}],"line":402}},"s":{"0":2,"1":2,"2":2,"3":2,"4":2,"5":2,"6":2,"7":2,"8":2,"9":2,"10":2,"11":2,"12":7,"13":2,"14":2,"15":2,"16":0,"17":0,"18":0,"19":2,"20":3,"21":3,"22":3,"23":1,"24":2,"25":1,"26":1,"27":1,"28":1,"29":0,"30":0,"31":0,"32":0,"33":0,"34":0,"35":0,"36":0,"37":0,"38":0,"39":2,"40":1,"41":1,"42":1,"43":1,"44":0,"45":0,"46":0,"47":0,"48":0,"49":0,"50":0,"51":0,"52":0,"53":0,"54":0,"55":0,"56":2,"57":1,"58":1,"59":1,"60":1,"61":0,"62":0,"63":0,"64":0,"65":0,"66":0,"67":0,"68":0,"69":0,"70":0,"71":0,"72":0,"73":0,"74":0,"75":0,"76":0,"77":0,"78":0,"79":2,"80":1,"81":1,"82":1,"83":0,"84":0,"85":1,"86":1,"87":0,"88":2,"89":0,"90":0,"91":0,"92":0,"93":0,"94":0,"95":2,"96":0,"97":0,"98":0,"99":0,"100":0,"101":0,"102":0,"103":0,"104":0,"105":0,"106":0,"107":0,"108":0,"109":0,"110":2,"111":0,"112":0,"113":0,"114":0,"115":0,"116":0,"117":0,"118":0,"119":0,"120":0,"121":0,"122":0,"123":0,"124":0,"125":0,"126":0},"f":{"0":2,"1":7,"2":0,"3":3,"4":1,"5":0,"6":1,"7":0,"8":1,"9":0,"10":0,"11":0},"b":{"0":[1,2],"1":[3,2,2,2],"2":[1,1],"3":[1,0],"4":[0,0],"5":[0,0],"6":[1,0],"7":[1,0],"8":[0,0],"9":[0,0],"10":[1,0],"11":[0,0],"12":[0,0],"13":[0,0],"14":[0,0],"15":[0,1],"16":[0,0],"17":[0,0],"18":[0,0],"19":[0,0],"20":[0,0],"21":[0,0],"22":[0,0],"23":[0,0]},"_coverageSchema":"1a1c01bbd47fc00a2c39e90264f33305004495a9","hash":"637142bf4171666d49c134ec7353e4c26bf25262"}
,"C:\\Users\\OLIVE\\Desktop\\sailingloc_projet\\backend\\src\\controllers\\availabilityController.js": {"path":"C:\\Users\\OLIVE\\Desktop\\sailingloc_projet\\backend\\src\\controllers\\availabilityController.js","statementMap":{"0":{"start":{"line":1,"column":31},"end":{"line":1,"column":51}},"1":{"start":{"line":4,"column":0},"end":{"line":38,"column":2}},"2":{"start":{"line":5,"column":2},"end":{"line":37,"column":3}},"3":{"start":{"line":6,"column":51},"end":{"line":6,"column":59}},"4":{"start":{"line":8,"column":17},"end":{"line":8,"column":44}},"5":{"start":{"line":10,"column":4},"end":{"line":14,"column":5}},"6":{"start":{"line":11,"column":6},"end":{"line":13,"column":9}},"7":{"start":{"line":16,"column":4},"end":{"line":20,"column":5}},"8":{"start":{"line":17,"column":6},"end":{"line":19,"column":9}},"9":{"start":{"line":22,"column":25},"end":{"line":27,"column":6}},"10":{"start":{"line":29,"column":4},"end":{"line":32,"column":7}},"11":{"start":{"line":34,"column":4},"end":{"line":36,"column":7}},"12":{"start":{"line":41,"column":0},"end":{"line":59,"column":2}},"13":{"start":{"line":42,"column":2},"end":{"line":58,"column":3}},"14":{"start":{"line":43,"column":23},"end":{"line":43,"column":33}},"15":{"start":{"line":45,"column":27},"end":{"line":48,"column":6}},"16":{"start":{"line":50,"column":4},"end":{"line":53,"column":7}},"17":{"start":{"line":55,"column":4},"end":{"line":57,"column":7}},"18":{"start":{"line":62,"column":0},"end":{"line":96,"column":2}},"19":{"start":{"line":63,"column":2},"end":{"line":95,"column":3}},"20":{"start":{"line":64,"column":19},"end":{"line":64,"column":29}},"21":{"start":{"line":66,"column":25},"end":{"line":68,"column":6}},"22":{"start":{"line":70,"column":4},"end":{"line":74,"column":5}},"23":{"start":{"line":71,"column":6},"end":{"line":73,"column":9}},"24":{"start":{"line":76,"column":4},"end":{"line":83,"column":5}},"25":{"start":{"line":80,"column":6},"end":{"line":82,"column":9}},"26":{"start":{"line":85,"column":4},"end":{"line":85,"column":40}},"27":{"start":{"line":87,"column":4},"end":{"line":90,"column":7}},"28":{"start":{"line":92,"column":4},"end":{"line":94,"column":7}},"29":{"start":{"line":99,"column":0},"end":{"line":132,"column":2}},"30":{"start":{"line":100,"column":2},"end":{"line":131,"column":3}},"31":{"start":{"line":101,"column":19},"end":{"line":101,"column":29}},"32":{"start":{"line":103,"column":25},"end":{"line":105,"column":6}},"33":{"start":{"line":107,"column":4},"end":{"line":111,"column":5}},"34":{"start":{"line":108,"column":6},"end":{"line":110,"column":9}},"35":{"start":{"line":113,"column":4},"end":{"line":120,"column":5}},"36":{"start":{"line":117,"column":6},"end":{"line":119,"column":9}},"37":{"start":{"line":122,"column":4},"end":{"line":122,"column":33}},"38":{"start":{"line":124,"column":4},"end":{"line":126,"column":7}},"39":{"start":{"line":128,"column":4},"end":{"line":130,"column":7}}},"fnMap":{"0":{"name":"(anonymous_0)","decl":{"start":{"line":4,"column":29},"end":{"line":4,"column":30}},"loc":{"start":{"line":4,"column":49},"end":{"line":38,"column":1}},"line":4},"1":{"name":"(anonymous_1)","decl":{"start":{"line":41,"column":34},"end":{"line":41,"column":35}},"loc":{"start":{"line":41,"column":54},"end":{"line":59,"column":1}},"line":41},"2":{"name":"(anonymous_2)","decl":{"start":{"line":62,"column":29},"end":{"line":62,"column":30}},"loc":{"start":{"line":62,"column":49},"end":{"line":96,"column":1}},"line":62},"3":{"name":"(anonymous_3)","decl":{"start":{"line":99,"column":29},"end":{"line":99,"column":30}},"loc":{"start":{"line":99,"column":49},"end":{"line":132,"column":1}},"line":99}},"branchMap":{"0":{"loc":{"start":{"line":10,"column":4},"end":{"line":14,"column":5}},"type":"if","locations":[{"start":{"line":10,"column":4},"end":{"line":14,"column":5}},{"start":{},"end":{}}],"line":10},"1":{"loc":{"start":{"line":16,"column":4},"end":{"line":20,"column":5}},"type":"if","locations":[{"start":{"line":16,"column":4},"end":{"line":20,"column":5}},{"start":{},"end":{}}],"line":16},"2":{"loc":{"start":{"line":16,"column":8},"end":{"line":16,"column":64}},"type":"binary-expr","locations":[{"start":{"line":16,"column":8},"end":{"line":16,"column":35}},{"start":{"line":16,"column":39},"end":{"line":16,"column":64}}],"line":16},"3":{"loc":{"start":{"line":70,"column":4},"end":{"line":74,"column":5}},"type":"if","locations":[{"start":{"line":70,"column":4},"end":{"line":74,"column":5}},{"start":{},"end":{}}],"line":70},"4":{"loc":{"start":{"line":76,"column":4},"end":{"line":83,"column":5}},"type":"if","locations":[{"start":{"line":76,"column":4},"end":{"line":83,"column":5}},{"start":{},"end":{}}],"line":76},"5":{"loc":{"start":{"line":77,"column":6},"end":{"line":78,"column":31}},"type":"binary-expr","locations":[{"start":{"line":77,"column":6},"end":{"line":77,"column":46}},{"start":{"line":78,"column":6},"end":{"line":78,"column":31}}],"line":77},"6":{"loc":{"start":{"line":107,"column":4},"end":{"line":111,"column":5}},"type":"if","locations":[{"start":{"line":107,"column":4},"end":{"line":111,"column":5}},{"start":{},"end":{}}],"line":107},"7":{"loc":{"start":{"line":113,"column":4},"end":{"line":120,"column":5}},"type":"if","locations":[{"start":{"line":113,"column":4},"end":{"line":120,"column":5}},{"start":{},"end":{}}],"line":113},"8":{"loc":{"start":{"line":114,"column":6},"end":{"line":115,"column":31}},"type":"binary-expr","locations":[{"start":{"line":114,"column":6},"end":{"line":114,"column":46}},{"start":{"line":115,"column":6},"end":{"line":115,"column":31}}],"line":114}},"s":{"0":1,"1":1,"2":1,"3":1,"4":1,"5":1,"6":0,"7":1,"8":0,"9":1,"10":1,"11":0,"12":1,"13":1,"14":1,"15":1,"16":1,"17":0,"18":1,"19":0,"20":0,"21":0,"22":0,"23":0,"24":0,"25":0,"26":0,"27":0,"28":0,"29":1,"30":0,"31":0,"32":0,"33":0,"34":0,"35":0,"36":0,"37":0,"38":0,"39":0},"f":{"0":1,"1":1,"2":0,"3":0},"b":{"0":[0,1],"1":[0,1],"2":[1,0],"3":[0,0],"4":[0,0],"5":[0,0],"6":[0,0],"7":[0,0],"8":[0,0]},"_coverageSchema":"1a1c01bbd47fc00a2c39e90264f33305004495a9","hash":"d0425ef9e5e2c66927896f565b060d3081857993"}
,"C:\\Users\\OLIVE\\Desktop\\sailingloc_projet\\backend\\src\\controllers\\boatController.js": {"path":"C:\\Users\\OLIVE\\Desktop\\sailingloc_projet\\backend\\src\\controllers\\boatController.js","statementMap":{"0":{"start":{"line":1,"column":15},"end":{"line":1,"column":35}},"1":{"start":{"line":2,"column":66},"end":{"line":2,"column":86}},"2":{"start":{"line":3,"column":75},"end":{"line":3,"column":105}},"3":{"start":{"line":9,"column":2},"end":{"line":11,"column":3}},"4":{"start":{"line":10,"column":4},"end":{"line":10,"column":80}},"5":{"start":{"line":12,"column":2},"end":{"line":14,"column":3}},"6":{"start":{"line":13,"column":4},"end":{"line":13,"column":85}},"7":{"start":{"line":15,"column":2},"end":{"line":17,"column":3}},"8":{"start":{"line":16,"column":4},"end":{"line":16,"column":76}},"9":{"start":{"line":18,"column":2},"end":{"line":20,"column":3}},"10":{"start":{"line":19,"column":4},"end":{"line":19,"column":38}},"11":{"start":{"line":21,"column":2},"end":{"line":21,"column":14}},"12":{"start":{"line":29,"column":30},"end":{"line":41,"column":1}},"13":{"start":{"line":46,"column":32},"end":{"line":46,"column":55}},"14":{"start":{"line":49,"column":0},"end":{"line":114,"column":2}},"15":{"start":{"line":50,"column":2},"end":{"line":113,"column":3}},"16":{"start":{"line":54,"column":4},"end":{"line":68,"column":5}},"17":{"start":{"line":55,"column":27},"end":{"line":60,"column":8}},"18":{"start":{"line":62,"column":6},"end":{"line":67,"column":7}},"19":{"start":{"line":63,"column":8},"end":{"line":66,"column":11}},"20":{"start":{"line":82,"column":8},"end":{"line":82,"column":16}},"21":{"start":{"line":84,"column":28},"end":{"line":84,"column":86}},"22":{"start":{"line":85,"column":4},"end":{"line":87,"column":5}},"23":{"start":{"line":86,"column":6},"end":{"line":86,"column":64}},"24":{"start":{"line":89,"column":17},"end":{"line":103,"column":6}},"25":{"start":{"line":105,"column":4},"end":{"line":108,"column":7}},"26":{"start":{"line":110,"column":4},"end":{"line":112,"column":7}},"27":{"start":{"line":117,"column":0},"end":{"line":235,"column":2}},"28":{"start":{"line":118,"column":2},"end":{"line":234,"column":3}},"29":{"start":{"line":127,"column":8},"end":{"line":127,"column":17}},"30":{"start":{"line":129,"column":20},"end":{"line":129,"column":22}},"31":{"start":{"line":131,"column":4},"end":{"line":135,"column":5}},"32":{"start":{"line":132,"column":6},"end":{"line":134,"column":8}},"33":{"start":{"line":137,"column":4},"end":{"line":139,"column":5}},"34":{"start":{"line":138,"column":6},"end":{"line":138,"column":26}},"35":{"start":{"line":141,"column":4},"end":{"line":145,"column":5}},"36":{"start":{"line":142,"column":6},"end":{"line":144,"column":8}},"37":{"start":{"line":147,"column":4},"end":{"line":149,"column":5}},"38":{"start":{"line":148,"column":6},"end":{"line":148,"column":51}},"39":{"start":{"line":151,"column":4},"end":{"line":161,"column":5}},"40":{"start":{"line":152,"column":6},"end":{"line":152,"column":28}},"41":{"start":{"line":154,"column":6},"end":{"line":156,"column":7}},"42":{"start":{"line":155,"column":8},"end":{"line":155,"column":52}},"43":{"start":{"line":158,"column":6},"end":{"line":160,"column":7}},"44":{"start":{"line":159,"column":8},"end":{"line":159,"column":52}},"45":{"start":{"line":163,"column":4},"end":{"line":181,"column":5}},"46":{"start":{"line":164,"column":6},"end":{"line":180,"column":8}},"47":{"start":{"line":183,"column":18},"end":{"line":198,"column":6}},"48":{"start":{"line":202,"column":20},"end":{"line":202,"column":42}},"49":{"start":{"line":202,"column":37},"end":{"line":202,"column":41}},"50":{"start":{"line":203,"column":20},"end":{"line":206,"column":6}},"51":{"start":{"line":208,"column":22},"end":{"line":208,"column":24}},"52":{"start":{"line":209,"column":4},"end":{"line":212,"column":7}},"53":{"start":{"line":210,"column":6},"end":{"line":210,"column":57}},"54":{"start":{"line":210,"column":32},"end":{"line":210,"column":57}},"55":{"start":{"line":211,"column":6},"end":{"line":211,"column":39}},"56":{"start":{"line":214,"column":4},"end":{"line":229,"column":7}},"57":{"start":{"line":219,"column":22},"end":{"line":219,"column":43}},"58":{"start":{"line":220,"column":30},"end":{"line":222,"column":16}},"59":{"start":{"line":221,"column":47},"end":{"line":221,"column":52}},"60":{"start":{"line":223,"column":8},"end":{"line":227,"column":10}},"61":{"start":{"line":231,"column":4},"end":{"line":233,"column":7}},"62":{"start":{"line":238,"column":0},"end":{"line":272,"column":2}},"63":{"start":{"line":239,"column":2},"end":{"line":271,"column":3}},"64":{"start":{"line":240,"column":19},"end":{"line":240,"column":29}},"65":{"start":{"line":242,"column":17},"end":{"line":255,"column":6}},"66":{"start":{"line":257,"column":4},"end":{"line":261,"column":5}},"67":{"start":{"line":258,"column":6},"end":{"line":260,"column":9}},"68":{"start":{"line":263,"column":4},"end":{"line":266,"column":7}},"69":{"start":{"line":268,"column":4},"end":{"line":270,"column":7}},"70":{"start":{"line":275,"column":0},"end":{"line":322,"column":2}},"71":{"start":{"line":276,"column":2},"end":{"line":321,"column":3}},"72":{"start":{"line":277,"column":19},"end":{"line":277,"column":29}},"73":{"start":{"line":279,"column":17},"end":{"line":279,"column":40}},"74":{"start":{"line":281,"column":4},"end":{"line":285,"column":5}},"75":{"start":{"line":282,"column":6},"end":{"line":284,"column":9}},"76":{"start":{"line":287,"column":4},"end":{"line":291,"column":5}},"77":{"start":{"line":288,"column":6},"end":{"line":290,"column":9}},"78":{"start":{"line":298,"column":6},"end":{"line":304,"column":11}},"79":{"start":{"line":302,"column":14},"end":{"line":302,"column":49}},"80":{"start":{"line":306,"column":28},"end":{"line":306,"column":55}},"81":{"start":{"line":307,"column":4},"end":{"line":309,"column":5}},"82":{"start":{"line":308,"column":6},"end":{"line":308,"column":64}},"83":{"start":{"line":311,"column":4},"end":{"line":311,"column":31}},"84":{"start":{"line":313,"column":4},"end":{"line":316,"column":7}},"85":{"start":{"line":318,"column":4},"end":{"line":320,"column":7}},"86":{"start":{"line":325,"column":0},"end":{"line":353,"column":2}},"87":{"start":{"line":326,"column":2},"end":{"line":352,"column":3}},"88":{"start":{"line":327,"column":19},"end":{"line":327,"column":29}},"89":{"start":{"line":329,"column":17},"end":{"line":329,"column":40}},"90":{"start":{"line":331,"column":4},"end":{"line":335,"column":5}},"91":{"start":{"line":332,"column":6},"end":{"line":334,"column":9}},"92":{"start":{"line":337,"column":4},"end":{"line":341,"column":5}},"93":{"start":{"line":338,"column":6},"end":{"line":340,"column":9}},"94":{"start":{"line":343,"column":4},"end":{"line":343,"column":25}},"95":{"start":{"line":345,"column":4},"end":{"line":347,"column":7}},"96":{"start":{"line":349,"column":4},"end":{"line":351,"column":7}}},"fnMap":{"0":{"name":"validateBoatFields","decl":{"start":{"line":8,"column":9},"end":{"line":8,"column":27}},"loc":{"start":{"line":8,"column":68},"end":{"line":22,"column":1}},"line":8},"1":{"name":"(anonymous_1)","decl":{"start":{"line":49,"column":21},"end":{"line":49,"column":22}},"loc":{"start":{"line":49,"column":41},"end":{"line":114,"column":1}},"line":49},"2":{"name":"(anonymous_2)","decl":{"start":{"line":117,"column":22},"end":{"line":117,"column":23}},"loc":{"start":{"line":117,"column":42},"end":{"line":235,"column":1}},"line":117},"3":{"name":"(anonymous_3)","decl":{"start":{"line":202,"column":30},"end":{"line":202,"column":31}},"loc":{"start":{"line":202,"column":37},"end":{"line":202,"column":41}},"line":202},"4":{"name":"(anonymous_4)","decl":{"start":{"line":209,"column":20},"end":{"line":209,"column":21}},"loc":{"start":{"line":209,"column":27},"end":{"line":212,"column":5}},"line":209},"5":{"name":"(anonymous_5)","decl":{"start":{"line":218,"column":23},"end":{"line":218,"column":24}},"loc":{"start":{"line":218,"column":30},"end":{"line":228,"column":7}},"line":218},"6":{"name":"(anonymous_6)","decl":{"start":{"line":221,"column":37},"end":{"line":221,"column":38}},"loc":{"start":{"line":221,"column":47},"end":{"line":221,"column":52}},"line":221},"7":{"name":"(anonymous_7)","decl":{"start":{"line":238,"column":22},"end":{"line":238,"column":23}},"loc":{"start":{"line":238,"column":42},"end":{"line":272,"column":1}},"line":238},"8":{"name":"(anonymous_8)","decl":{"start":{"line":275,"column":21},"end":{"line":275,"column":22}},"loc":{"start":{"line":275,"column":41},"end":{"line":322,"column":1}},"line":275},"9":{"name":"(anonymous_9)","decl":{"start":{"line":301,"column":44},"end":{"line":301,"column":45}},"loc":{"start":{"line":302,"column":14},"end":{"line":302,"column":49}},"line":302},"10":{"name":"(anonymous_10)","decl":{"start":{"line":325,"column":21},"end":{"line":325,"column":22}},"loc":{"start":{"line":325,"column":41},"end":{"line":353,"column":1}},"line":325}},"branchMap":{"0":{"loc":{"start":{"line":9,"column":2},"end":{"line":11,"column":3}},"type":"if","locations":[{"start":{"line":9,"column":2},"end":{"line":11,"column":3}},{"start":{},"end":{}}],"line":9},"1":{"loc":{"start":{"line":9,"column":6},"end":{"line":9,"column":54}},"type":"binary-expr","locations":[{"start":{"line":9,"column":6},"end":{"line":9,"column":28}},{"start":{"line":9,"column":32},"end":{"line":9,"column":54}}],"line":9},"2":{"loc":{"start":{"line":12,"column":2},"end":{"line":14,"column":3}},"type":"if","locations":[{"start":{"line":12,"column":2},"end":{"line":14,"column":3}},{"start":{},"end":{}}],"line":12},"3":{"loc":{"start":{"line":12,"column":6},"end":{"line":12,"column":58}},"type":"binary-expr","locations":[{"start":{"line":12,"column":6},"end":{"line":12,"column":28}},{"start":{"line":12,"column":32},"end":{"line":12,"column":58}}],"line":12},"4":{"loc":{"start":{"line":15,"column":2},"end":{"line":17,"column":3}},"type":"if","locations":[{"start":{"line":15,"column":2},"end":{"line":17,"column":3}},{"start":{},"end":{}}],"line":15},"5":{"loc":{"start":{"line":15,"column":6},"end":{"line":15,"column":79}},"type":"binary-expr","locations":[{"start":{"line":15,"column":6},"end":{"line":15,"column":28}},{"start":{"line":15,"column":32},"end":{"line":15,"column":49}},{"start":{"line":15,"column":53},"end":{"line":15,"column":79}}],"line":15},"6":{"loc":{"start":{"line":18,"column":2},"end":{"line":20,"column":3}},"type":"if","locations":[{"start":{"line":18,"column":2},"end":{"line":20,"column":3}},{"start":{},"end":{}}],"line":18},"7":{"loc":{"start":{"line":18,"column":6},"end":{"line":18,"column":50}},"type":"binary-expr","locations":[{"start":{"line":18,"column":6},"end":{"line":18,"column":24}},{"start":{"line":18,"column":28},"end":{"line":18,"column":50}}],"line":18},"8":{"loc":{"start":{"line":54,"column":4},"end":{"line":68,"column":5}},"type":"if","locations":[{"start":{"line":54,"column":4},"end":{"line":68,"column":5}},{"start":{},"end":{}}],"line":54},"9":{"loc":{"start":{"line":62,"column":6},"end":{"line":67,"column":7}},"type":"if","locations":[{"start":{"line":62,"column":6},"end":{"line":67,"column":7}},{"start":{},"end":{}}],"line":62},"10":{"loc":{"start":{"line":85,"column":4},"end":{"line":87,"column":5}},"type":"if","locations":[{"start":{"line":85,"column":4},"end":{"line":87,"column":5}},{"start":{},"end":{}}],"line":85},"11":{"loc":{"start":{"line":131,"column":4},"end":{"line":135,"column":5}},"type":"if","locations":[{"start":{"line":131,"column":4},"end":{"line":135,"column":5}},{"start":{},"end":{}}],"line":131},"12":{"loc":{"start":{"line":137,"column":4},"end":{"line":139,"column":5}},"type":"if","locations":[{"start":{"line":137,"column":4},"end":{"line":139,"column":5}},{"start":{},"end":{}}],"line":137},"13":{"loc":{"start":{"line":141,"column":4},"end":{"line":145,"column":5}},"type":"if","locations":[{"start":{"line":141,"column":4},"end":{"line":145,"column":5}},{"start":{},"end":{}}],"line":141},"14":{"loc":{"start":{"line":147,"column":4},"end":{"line":149,"column":5}},"type":"if","locations":[{"start":{"line":147,"column":4},"end":{"line":149,"column":5}},{"start":{},"end":{}}],"line":147},"15":{"loc":{"start":{"line":151,"column":4},"end":{"line":161,"column":5}},"type":"if","locations":[{"start":{"line":151,"column":4},"end":{"line":161,"column":5}},{"start":{},"end":{}}],"line":151},"16":{"loc":{"start":{"line":151,"column":8},"end":{"line":151,"column":28}},"type":"binary-expr","locations":[{"start":{"line":151,"column":8},"end":{"line":151,"column":16}},{"start":{"line":151,"column":20},"end":{"line":151,"column":28}}],"line":151},"17":{"loc":{"start":{"line":154,"column":6},"end":{"line":156,"column":7}},"type":"if","locations":[{"start":{"line":154,"column":6},"end":{"line":156,"column":7}},{"start":{},"end":{}}],"line":154},"18":{"loc":{"start":{"line":158,"column":6},"end":{"line":160,"column":7}},"type":"if","locations":[{"start":{"line":158,"column":6},"end":{"line":160,"column":7}},{"start":{},"end":{}}],"line":158},"19":{"loc":{"start":{"line":163,"column":4},"end":{"line":181,"column":5}},"type":"if","locations":[{"start":{"line":163,"column":4},"end":{"line":181,"column":5}},{"start":{},"end":{}}],"line":163},"20":{"loc":{"start":{"line":210,"column":6},"end":{"line":210,"column":57}},"type":"if","locations":[{"start":{"line":210,"column":6},"end":{"line":210,"column":57}},{"start":{},"end":{}}],"line":210},"21":{"loc":{"start":{"line":219,"column":22},"end":{"line":219,"column":43}},"type":"binary-expr","locations":[{"start":{"line":219,"column":22},"end":{"line":219,"column":37}},{"start":{"line":219,"column":41},"end":{"line":219,"column":43}}],"line":219},"22":{"loc":{"start":{"line":220,"column":30},"end":{"line":222,"column":16}},"type":"cond-expr","locations":[{"start":{"line":221,"column":12},"end":{"line":221,"column":83}},{"start":{"line":222,"column":12},"end":{"line":222,"column":16}}],"line":220},"23":{"loc":{"start":{"line":226,"column":24},"end":{"line":226,"column":45}},"type":"binary-expr","locations":[{"start":{"line":226,"column":24},"end":{"line":226,"column":39}},{"start":{"line":226,"column":43},"end":{"line":226,"column":45}}],"line":226},"24":{"loc":{"start":{"line":257,"column":4},"end":{"line":261,"column":5}},"type":"if","locations":[{"start":{"line":257,"column":4},"end":{"line":261,"column":5}},{"start":{},"end":{}}],"line":257},"25":{"loc":{"start":{"line":281,"column":4},"end":{"line":285,"column":5}},"type":"if","locations":[{"start":{"line":281,"column":4},"end":{"line":285,"column":5}},{"start":{},"end":{}}],"line":281},"26":{"loc":{"start":{"line":287,"column":4},"end":{"line":291,"column":5}},"type":"if","locations":[{"start":{"line":287,"column":4},"end":{"line":291,"column":5}},{"start":{},"end":{}}],"line":287},"27":{"loc":{"start":{"line":287,"column":8},"end":{"line":287,"column":64}},"type":"binary-expr","locations":[{"start":{"line":287,"column":8},"end":{"line":287,"column":35}},{"start":{"line":287,"column":39},"end":{"line":287,"column":64}}],"line":287},"28":{"loc":{"start":{"line":298,"column":6},"end":{"line":304,"column":11}},"type":"cond-expr","locations":[{"start":{"line":299,"column":10},"end":{"line":299,"column":18}},{"start":{"line":300,"column":10},"end":{"line":304,"column":11}}],"line":298},"29":{"loc":{"start":{"line":307,"column":4},"end":{"line":309,"column":5}},"type":"if","locations":[{"start":{"line":307,"column":4},"end":{"line":309,"column":5}},{"start":{},"end":{}}],"line":307},"30":{"loc":{"start":{"line":331,"column":4},"end":{"line":335,"column":5}},"type":"if","locations":[{"start":{"line":331,"column":4},"end":{"line":335,"column":5}},{"start":{},"end":{}}],"line":331},"31":{"loc":{"start":{"line":337,"column":4},"end":{"line":341,"column":5}},"type":"if","locations":[{"start":{"line":337,"column":4},"end":{"line":341,"column":5}},{"start":{},"end":{}}],"line":337},"32":{"loc":{"start":{"line":337,"column":8},"end":{"line":337,"column":64}},"type":"binary-expr","locations":[{"start":{"line":337,"column":8},"end":{"line":337,"column":35}},{"start":{"line":337,"column":39},"end":{"line":337,"column":64}}],"line":337}},"s":{"0":1,"1":1,"2":1,"3":4,"4":1,"5":3,"6":1,"7":2,"8":0,"9":2,"10":1,"11":1,"12":1,"13":1,"14":1,"15":4,"16":4,"17":0,"18":0,"19":0,"20":4,"21":4,"22":4,"23":3,"24":1,"25":1,"26":0,"27":1,"28":1,"29":1,"30":1,"31":1,"32":0,"33":1,"34":0,"35":1,"36":0,"37":1,"38":0,"39":1,"40":0,"41":0,"42":0,"43":0,"44":0,"45":1,"46":0,"47":1,"48":1,"49":1,"50":1,"51":1,"52":1,"53":1,"54":1,"55":1,"56":1,"57":1,"58":1,"59":0,"60":1,"61":1,"62":1,"63":1,"64":1,"65":1,"66":1,"67":0,"68":1,"69":0,"70":1,"71":0,"72":0,"73":0,"74":0,"75":0,"76":0,"77":0,"78":0,"79":0,"80":0,"81":0,"82":0,"83":0,"84":0,"85":0,"86":1,"87":0,"88":0,"89":0,"90":0,"91":0,"92":0,"93":0,"94":0,"95":0,"96":0},"f":{"0":4,"1":4,"2":1,"3":1,"4":1,"5":1,"6":0,"7":1,"8":0,"9":0,"10":0},"b":{"0":[1,3],"1":[4,4],"2":[1,2],"3":[3,3],"4":[0,2],"5":[2,0,0],"6":[1,1],"7":[2,2],"8":[0,4],"9":[0,0],"10":[3,1],"11":[0,1],"12":[0,1],"13":[0,1],"14":[0,1],"15":[0,1],"16":[1,1],"17":[0,0],"18":[0,0],"19":[0,1],"20":[1,0],"21":[1,1],"22":[0,1],"23":[0,0],"24":[0,1],"25":[0,0],"26":[0,0],"27":[0,0],"28":[0,0],"29":[0,0],"30":[0,0],"31":[0,0],"32":[0,0]},"_coverageSchema":"1a1c01bbd47fc00a2c39e90264f33305004495a9","hash":"d43aca7e0d6ad09ab95006d5ef6d03f547a80ae8"}
,"C:\\Users\\OLIVE\\Desktop\\sailingloc_projet\\backend\\src\\controllers\\bookingController.js": {"path":"C:\\Users\\OLIVE\\Desktop\\sailingloc_projet\\backend\\src\\controllers\\bookingController.js","statementMap":{"0":{"start":{"line":1,"column":15},"end":{"line":1,"column":35}},"1":{"start":{"line":2,"column":66},"end":{"line":2,"column":86}},"2":{"start":{"line":3,"column":15},"end":{"line":3,"column":63}},"3":{"start":{"line":4,"column":22},"end":{"line":4,"column":58}},"4":{"start":{"line":5,"column":80},"end":{"line":5,"column":119}},"5":{"start":{"line":20,"column":0},"end":{"line":138,"column":2}},"6":{"start":{"line":21,"column":22},"end":{"line":21,"column":51}},"7":{"start":{"line":23,"column":2},"end":{"line":137,"column":3}},"8":{"start":{"line":24,"column":64},"end":{"line":24,"column":72}},"9":{"start":{"line":26,"column":4},"end":{"line":31,"column":5}},"10":{"start":{"line":27,"column":6},"end":{"line":27,"column":35}},"11":{"start":{"line":28,"column":6},"end":{"line":30,"column":9}},"12":{"start":{"line":33,"column":18},"end":{"line":33,"column":37}},"13":{"start":{"line":34,"column":16},"end":{"line":34,"column":33}},"14":{"start":{"line":36,"column":4},"end":{"line":41,"column":5}},"15":{"start":{"line":37,"column":6},"end":{"line":37,"column":35}},"16":{"start":{"line":38,"column":6},"end":{"line":40,"column":9}},"17":{"start":{"line":47,"column":17},"end":{"line":50,"column":6}},"18":{"start":{"line":52,"column":4},"end":{"line":57,"column":5}},"19":{"start":{"line":53,"column":6},"end":{"line":53,"column":35}},"20":{"start":{"line":54,"column":6},"end":{"line":56,"column":9}},"21":{"start":{"line":62,"column":4},"end":{"line":67,"column":5}},"22":{"start":{"line":63,"column":6},"end":{"line":63,"column":35}},"23":{"start":{"line":64,"column":6},"end":{"line":66,"column":9}},"24":{"start":{"line":72,"column":25},"end":{"line":80,"column":6}},"25":{"start":{"line":82,"column":4},"end":{"line":87,"column":5}},"26":{"start":{"line":83,"column":6},"end":{"line":83,"column":35}},"27":{"start":{"line":84,"column":6},"end":{"line":86,"column":9}},"28":{"start":{"line":91,"column":31},"end":{"line":100,"column":6}},"29":{"start":{"line":102,"column":4},"end":{"line":107,"column":5}},"30":{"start":{"line":103,"column":6},"end":{"line":103,"column":35}},"31":{"start":{"line":104,"column":6},"end":{"line":106,"column":9}},"32":{"start":{"line":109,"column":25},"end":{"line":109,"column":75}},"33":{"start":{"line":110,"column":23},"end":{"line":110,"column":55}},"34":{"start":{"line":112,"column":20},"end":{"line":124,"column":5}},"35":{"start":{"line":126,"column":4},"end":{"line":126,"column":31}},"36":{"start":{"line":128,"column":4},"end":{"line":131,"column":7}},"37":{"start":{"line":133,"column":4},"end":{"line":133,"column":33}},"38":{"start":{"line":134,"column":4},"end":{"line":136,"column":7}},"39":{"start":{"line":144,"column":0},"end":{"line":171,"column":2}},"40":{"start":{"line":145,"column":2},"end":{"line":170,"column":3}},"41":{"start":{"line":146,"column":21},"end":{"line":160,"column":6}},"42":{"start":{"line":162,"column":4},"end":{"line":165,"column":7}},"43":{"start":{"line":167,"column":4},"end":{"line":169,"column":7}},"44":{"start":{"line":179,"column":0},"end":{"line":206,"column":2}},"45":{"start":{"line":180,"column":2},"end":{"line":205,"column":3}},"46":{"start":{"line":181,"column":20},"end":{"line":183,"column":6}},"47":{"start":{"line":185,"column":4},"end":{"line":189,"column":5}},"48":{"start":{"line":186,"column":6},"end":{"line":188,"column":9}},"49":{"start":{"line":191,"column":4},"end":{"line":195,"column":5}},"50":{"start":{"line":192,"column":6},"end":{"line":194,"column":9}},"51":{"start":{"line":197,"column":4},"end":{"line":200,"column":7}},"52":{"start":{"line":202,"column":4},"end":{"line":204,"column":7}},"53":{"start":{"line":217,"column":0},"end":{"line":246,"column":2}},"54":{"start":{"line":218,"column":2},"end":{"line":245,"column":3}},"55":{"start":{"line":219,"column":21},"end":{"line":235,"column":6}},"56":{"start":{"line":237,"column":4},"end":{"line":240,"column":7}},"57":{"start":{"line":242,"column":4},"end":{"line":244,"column":7}},"58":{"start":{"line":256,"column":0},"end":{"line":300,"column":2}},"59":{"start":{"line":257,"column":2},"end":{"line":299,"column":3}},"60":{"start":{"line":258,"column":23},"end":{"line":258,"column":31}},"61":{"start":{"line":260,"column":4},"end":{"line":264,"column":5}},"62":{"start":{"line":261,"column":6},"end":{"line":263,"column":9}},"63":{"start":{"line":266,"column":20},"end":{"line":268,"column":6}},"64":{"start":{"line":270,"column":4},"end":{"line":274,"column":5}},"65":{"start":{"line":271,"column":6},"end":{"line":273,"column":9}},"66":{"start":{"line":276,"column":4},"end":{"line":280,"column":5}},"67":{"start":{"line":277,"column":6},"end":{"line":279,"column":9}},"68":{"start":{"line":282,"column":4},"end":{"line":286,"column":5}},"69":{"start":{"line":283,"column":6},"end":{"line":285,"column":9}},"70":{"start":{"line":288,"column":4},"end":{"line":288,"column":68}},"71":{"start":{"line":289,"column":4},"end":{"line":289,"column":25}},"72":{"start":{"line":291,"column":4},"end":{"line":294,"column":7}},"73":{"start":{"line":296,"column":4},"end":{"line":298,"column":7}},"74":{"start":{"line":314,"column":0},"end":{"line":391,"column":2}},"75":{"start":{"line":315,"column":2},"end":{"line":390,"column":3}},"76":{"start":{"line":316,"column":20},"end":{"line":316,"column":57}},"77":{"start":{"line":318,"column":4},"end":{"line":322,"column":5}},"78":{"start":{"line":319,"column":6},"end":{"line":321,"column":9}},"79":{"start":{"line":324,"column":4},"end":{"line":328,"column":5}},"80":{"start":{"line":325,"column":6},"end":{"line":327,"column":9}},"81":{"start":{"line":330,"column":4},"end":{"line":334,"column":5}},"82":{"start":{"line":331,"column":6},"end":{"line":333,"column":9}},"83":{"start":{"line":336,"column":4},"end":{"line":340,"column":5}},"84":{"start":{"line":337,"column":6},"end":{"line":339,"column":9}},"85":{"start":{"line":343,"column":6},"end":{"line":343,"column":67}},"86":{"start":{"line":345,"column":4},"end":{"line":350,"column":5}},"87":{"start":{"line":346,"column":6},"end":{"line":349,"column":9}},"88":{"start":{"line":352,"column":28},"end":{"line":354,"column":6}},"89":{"start":{"line":356,"column":4},"end":{"line":375,"column":5}},"90":{"start":{"line":357,"column":6},"end":{"line":371,"column":7}},"91":{"start":{"line":358,"column":8},"end":{"line":364,"column":9}},"92":{"start":{"line":359,"column":10},"end":{"line":359,"column":82}},"93":{"start":{"line":361,"column":10},"end":{"line":363,"column":13}},"94":{"start":{"line":366,"column":8},"end":{"line":370,"column":11}},"95":{"start":{"line":373,"column":6},"end":{"line":373,"column":43}},"96":{"start":{"line":374,"column":6},"end":{"line":374,"column":35}},"97":{"start":{"line":377,"column":4},"end":{"line":377,"column":31}},"98":{"start":{"line":378,"column":4},"end":{"line":378,"column":25}},"99":{"start":{"line":380,"column":4},"end":{"line":385,"column":7}},"100":{"start":{"line":387,"column":4},"end":{"line":389,"column":7}}},"fnMap":{"0":{"name":"(anonymous_0)","decl":{"start":{"line":20,"column":24},"end":{"line":20,"column":25}},"loc":{"start":{"line":20,"column":44},"end":{"line":138,"column":1}},"line":20},"1":{"name":"(anonymous_1)","decl":{"start":{"line":144,"column":24},"end":{"line":144,"column":25}},"loc":{"start":{"line":144,"column":44},"end":{"line":171,"column":1}},"line":144},"2":{"name":"(anonymous_2)","decl":{"start":{"line":179,"column":25},"end":{"line":179,"column":26}},"loc":{"start":{"line":179,"column":45},"end":{"line":206,"column":1}},"line":179},"3":{"name":"(anonymous_3)","decl":{"start":{"line":217,"column":34},"end":{"line":217,"column":35}},"loc":{"start":{"line":217,"column":54},"end":{"line":246,"column":1}},"line":217},"4":{"name":"(anonymous_4)","decl":{"start":{"line":256,"column":34},"end":{"line":256,"column":35}},"loc":{"start":{"line":256,"column":54},"end":{"line":300,"column":1}},"line":256},"5":{"name":"(anonymous_5)","decl":{"start":{"line":314,"column":24},"end":{"line":314,"column":25}},"loc":{"start":{"line":314,"column":44},"end":{"line":391,"column":1}},"line":314}},"branchMap":{"0":{"loc":{"start":{"line":24,"column":40},"end":{"line":24,"column":59}},"type":"default-arg","locations":[{"start":{"line":24,"column":58},"end":{"line":24,"column":59}}],"line":24},"1":{"loc":{"start":{"line":26,"column":4},"end":{"line":31,"column":5}},"type":"if","locations":[{"start":{"line":26,"column":4},"end":{"line":31,"column":5}},{"start":{},"end":{}}],"line":26},"2":{"loc":{"start":{"line":26,"column":8},"end":{"line":26,"column":41}},"type":"binary-expr","locations":[{"start":{"line":26,"column":8},"end":{"line":26,"column":15}},{"start":{"line":26,"column":19},"end":{"line":26,"column":29}},{"start":{"line":26,"column":33},"end":{"line":26,"column":41}}],"line":26},"3":{"loc":{"start":{"line":36,"column":4},"end":{"line":41,"column":5}},"type":"if","locations":[{"start":{"line":36,"column":4},"end":{"line":41,"column":5}},{"start":{},"end":{}}],"line":36},"4":{"loc":{"start":{"line":52,"column":4},"end":{"line":57,"column":5}},"type":"if","locations":[{"start":{"line":52,"column":4},"end":{"line":57,"column":5}},{"start":{},"end":{}}],"line":52},"5":{"loc":{"start":{"line":62,"column":4},"end":{"line":67,"column":5}},"type":"if","locations":[{"start":{"line":62,"column":4},"end":{"line":67,"column":5}},{"start":{},"end":{}}],"line":62},"6":{"loc":{"start":{"line":82,"column":4},"end":{"line":87,"column":5}},"type":"if","locations":[{"start":{"line":82,"column":4},"end":{"line":87,"column":5}},{"start":{},"end":{}}],"line":82},"7":{"loc":{"start":{"line":102,"column":4},"end":{"line":107,"column":5}},"type":"if","locations":[{"start":{"line":102,"column":4},"end":{"line":107,"column":5}},{"start":{},"end":{}}],"line":102},"8":{"loc":{"start":{"line":185,"column":4},"end":{"line":189,"column":5}},"type":"if","locations":[{"start":{"line":185,"column":4},"end":{"line":189,"column":5}},{"start":{},"end":{}}],"line":185},"9":{"loc":{"start":{"line":191,"column":4},"end":{"line":195,"column":5}},"type":"if","locations":[{"start":{"line":191,"column":4},"end":{"line":195,"column":5}},{"start":{},"end":{}}],"line":191},"10":{"loc":{"start":{"line":191,"column":8},"end":{"line":191,"column":67}},"type":"binary-expr","locations":[{"start":{"line":191,"column":8},"end":{"line":191,"column":38}},{"start":{"line":191,"column":42},"end":{"line":191,"column":67}}],"line":191},"11":{"loc":{"start":{"line":260,"column":4},"end":{"line":264,"column":5}},"type":"if","locations":[{"start":{"line":260,"column":4},"end":{"line":264,"column":5}},{"start":{},"end":{}}],"line":260},"12":{"loc":{"start":{"line":260,"column":8},"end":{"line":260,"column":53}},"type":"binary-expr","locations":[{"start":{"line":260,"column":8},"end":{"line":260,"column":29}},{"start":{"line":260,"column":33},"end":{"line":260,"column":53}}],"line":260},"13":{"loc":{"start":{"line":270,"column":4},"end":{"line":274,"column":5}},"type":"if","locations":[{"start":{"line":270,"column":4},"end":{"line":274,"column":5}},{"start":{},"end":{}}],"line":270},"14":{"loc":{"start":{"line":276,"column":4},"end":{"line":280,"column":5}},"type":"if","locations":[{"start":{"line":276,"column":4},"end":{"line":280,"column":5}},{"start":{},"end":{}}],"line":276},"15":{"loc":{"start":{"line":276,"column":8},"end":{"line":276,"column":60}},"type":"binary-expr","locations":[{"start":{"line":276,"column":8},"end":{"line":276,"column":21}},{"start":{"line":276,"column":25},"end":{"line":276,"column":60}}],"line":276},"16":{"loc":{"start":{"line":282,"column":4},"end":{"line":286,"column":5}},"type":"if","locations":[{"start":{"line":282,"column":4},"end":{"line":286,"column":5}},{"start":{},"end":{}}],"line":282},"17":{"loc":{"start":{"line":288,"column":21},"end":{"line":288,"column":67}},"type":"cond-expr","locations":[{"start":{"line":288,"column":45},"end":{"line":288,"column":55}},{"start":{"line":288,"column":58},"end":{"line":288,"column":67}}],"line":288},"18":{"loc":{"start":{"line":292,"column":15},"end":{"line":292,"column":77}},"type":"cond-expr","locations":[{"start":{"line":292,"column":39},"end":{"line":292,"column":57}},{"start":{"line":292,"column":60},"end":{"line":292,"column":77}}],"line":292},"19":{"loc":{"start":{"line":318,"column":4},"end":{"line":322,"column":5}},"type":"if","locations":[{"start":{"line":318,"column":4},"end":{"line":322,"column":5}},{"start":{},"end":{}}],"line":318},"20":{"loc":{"start":{"line":324,"column":4},"end":{"line":328,"column":5}},"type":"if","locations":[{"start":{"line":324,"column":4},"end":{"line":328,"column":5}},{"start":{},"end":{}}],"line":324},"21":{"loc":{"start":{"line":324,"column":8},"end":{"line":324,"column":67}},"type":"binary-expr","locations":[{"start":{"line":324,"column":8},"end":{"line":324,"column":38}},{"start":{"line":324,"column":42},"end":{"line":324,"column":67}}],"line":324},"22":{"loc":{"start":{"line":330,"column":4},"end":{"line":334,"column":5}},"type":"if","locations":[{"start":{"line":330,"column":4},"end":{"line":334,"column":5}},{"start":{},"end":{}}],"line":330},"23":{"loc":{"start":{"line":336,"column":4},"end":{"line":340,"column":5}},"type":"if","locations":[{"start":{"line":336,"column":4},"end":{"line":340,"column":5}},{"start":{},"end":{}}],"line":336},"24":{"loc":{"start":{"line":345,"column":4},"end":{"line":350,"column":5}},"type":"if","locations":[{"start":{"line":345,"column":4},"end":{"line":350,"column":5}},{"start":{},"end":{}}],"line":345},"25":{"loc":{"start":{"line":345,"column":8},"end":{"line":345,"column":61}},"type":"binary-expr","locations":[{"start":{"line":345,"column":8},"end":{"line":345,"column":32}},{"start":{"line":345,"column":36},"end":{"line":345,"column":61}}],"line":345},"26":{"loc":{"start":{"line":356,"column":4},"end":{"line":375,"column":5}},"type":"if","locations":[{"start":{"line":356,"column":4},"end":{"line":375,"column":5}},{"start":{},"end":{}}],"line":356},"27":{"loc":{"start":{"line":358,"column":8},"end":{"line":364,"column":9}},"type":"if","locations":[{"start":{"line":358,"column":8},"end":{"line":364,"column":9}},{"start":{"line":360,"column":15},"end":{"line":364,"column":9}}],"line":358},"28":{"loc":{"start":{"line":381,"column":15},"end":{"line":383,"column":31}},"type":"cond-expr","locations":[{"start":{"line":382,"column":10},"end":{"line":382,"column":53}},{"start":{"line":383,"column":10},"end":{"line":383,"column":31}}],"line":381}},"s":{"0":1,"1":1,"2":1,"3":1,"4":1,"5":1,"6":0,"7":0,"8":0,"9":0,"10":0,"11":0,"12":0,"13":0,"14":0,"15":0,"16":0,"17":0,"18":0,"19":0,"20":0,"21":0,"22":0,"23":0,"24":0,"25":0,"26":0,"27":0,"28":0,"29":0,"30":0,"31":0,"32":0,"33":0,"34":0,"35":0,"36":0,"37":0,"38":0,"39":1,"40":1,"41":1,"42":1,"43":0,"44":1,"45":0,"46":0,"47":0,"48":0,"49":0,"50":0,"51":0,"52":0,"53":1,"54":0,"55":0,"56":0,"57":0,"58":1,"59":0,"60":0,"61":0,"62":0,"63":0,"64":0,"65":0,"66":0,"67":0,"68":0,"69":0,"70":0,"71":0,"72":0,"73":0,"74":1,"75":0,"76":0,"77":0,"78":0,"79":0,"80":0,"81":0,"82":0,"83":0,"84":0,"85":0,"86":0,"87":0,"88":0,"89":0,"90":0,"91":0,"92":0,"93":0,"94":0,"95":0,"96":0,"97":0,"98":0,"99":0,"100":0},"f":{"0":0,"1":1,"2":0,"3":0,"4":0,"5":0},"b":{"0":[0],"1":[0,0],"2":[0,0,0],"3":[0,0],"4":[0,0],"5":[0,0],"6":[0,0],"7":[0,0],"8":[0,0],"9":[0,0],"10":[0,0],"11":[0,0],"12":[0,0],"13":[0,0],"14":[0,0],"15":[0,0],"16":[0,0],"17":[0,0],"18":[0,0],"19":[0,0],"20":[0,0],"21":[0,0],"22":[0,0],"23":[0,0],"24":[0,0],"25":[0,0],"26":[0,0],"27":[0,0],"28":[0,0]},"_coverageSchema":"1a1c01bbd47fc00a2c39e90264f33305004495a9","hash":"8b9ab185526470069e234ae8aa7bc7b587959dc7"}
,"C:\\Users\\OLIVE\\Desktop\\sailingloc_projet\\backend\\src\\controllers\\contractController.js": {"path":"C:\\Users\\OLIVE\\Desktop\\sailingloc_projet\\backend\\src\\controllers\\contractController.js","statementMap":{"0":{"start":{"line":1,"column":11},"end":{"line":1,"column":24}},"1":{"start":{"line":2,"column":13},"end":{"line":2,"column":28}},"2":{"start":{"line":3,"column":19},"end":{"line":3,"column":43}},"3":{"start":{"line":4,"column":42},"end":{"line":4,"column":62}},"4":{"start":{"line":5,"column":47},"end":{"line":5,"column":85}},"5":{"start":{"line":7,"column":21},"end":{"line":7,"column":95}},"6":{"start":{"line":10,"column":18},"end":{"line":15,"column":4}},"7":{"start":{"line":17,"column":2},"end":{"line":17,"column":62}},"8":{"start":{"line":17,"column":50},"end":{"line":17,"column":62}},"9":{"start":{"line":19,"column":27},"end":{"line":19,"column":75}},"10":{"start":{"line":20,"column":2},"end":{"line":20,"column":48}},"11":{"start":{"line":20,"column":24},"end":{"line":20,"column":48}},"12":{"start":{"line":22,"column":17},"end":{"line":27,"column":4}},"13":{"start":{"line":29,"column":2},"end":{"line":35,"column":5}},"14":{"start":{"line":38,"column":0},"end":{"line":54,"column":2}},"15":{"start":{"line":39,"column":2},"end":{"line":53,"column":3}},"16":{"start":{"line":40,"column":26},"end":{"line":40,"column":36}},"17":{"start":{"line":41,"column":20},"end":{"line":41,"column":53}},"18":{"start":{"line":42,"column":4},"end":{"line":42,"column":86}},"19":{"start":{"line":42,"column":18},"end":{"line":42,"column":86}},"20":{"start":{"line":43,"column":4},"end":{"line":45,"column":5}},"21":{"start":{"line":44,"column":6},"end":{"line":44,"column":65}},"22":{"start":{"line":46,"column":4},"end":{"line":48,"column":5}},"23":{"start":{"line":47,"column":6},"end":{"line":47,"column":116}},"24":{"start":{"line":49,"column":21},"end":{"line":49,"column":64}},"25":{"start":{"line":50,"column":4},"end":{"line":50,"column":85}},"26":{"start":{"line":52,"column":4},"end":{"line":52,"column":60}},"27":{"start":{"line":56,"column":0},"end":{"line":66,"column":2}},"28":{"start":{"line":57,"column":2},"end":{"line":65,"column":3}},"29":{"start":{"line":58,"column":22},"end":{"line":61,"column":6}},"30":{"start":{"line":62,"column":4},"end":{"line":62,"column":90}},"31":{"start":{"line":64,"column":4},"end":{"line":64,"column":60}},"32":{"start":{"line":68,"column":0},"end":{"line":83,"column":2}},"33":{"start":{"line":69,"column":2},"end":{"line":82,"column":3}},"34":{"start":{"line":70,"column":21},"end":{"line":72,"column":6}},"35":{"start":{"line":73,"column":4},"end":{"line":73,"column":83}},"36":{"start":{"line":73,"column":19},"end":{"line":73,"column":83}},"37":{"start":{"line":74,"column":21},"end":{"line":74,"column":60}},"38":{"start":{"line":75,"column":20},"end":{"line":75,"column":65}},"39":{"start":{"line":76,"column":4},"end":{"line":78,"column":5}},"40":{"start":{"line":77,"column":6},"end":{"line":77,"column":65}},"41":{"start":{"line":79,"column":4},"end":{"line":79,"column":87}},"42":{"start":{"line":81,"column":4},"end":{"line":81,"column":60}},"43":{"start":{"line":85,"column":0},"end":{"line":129,"column":2}},"44":{"start":{"line":86,"column":2},"end":{"line":128,"column":3}},"45":{"start":{"line":87,"column":21},"end":{"line":89,"column":6}},"46":{"start":{"line":90,"column":4},"end":{"line":90,"column":83}},"47":{"start":{"line":90,"column":19},"end":{"line":90,"column":83}},"48":{"start":{"line":92,"column":21},"end":{"line":92,"column":60}},"49":{"start":{"line":93,"column":20},"end":{"line":93,"column":65}},"50":{"start":{"line":94,"column":4},"end":{"line":96,"column":5}},"51":{"start":{"line":95,"column":6},"end":{"line":95,"column":65}},"52":{"start":{"line":97,"column":4},"end":{"line":97,"column":100}},"53":{"start":{"line":97,"column":26},"end":{"line":97,"column":100}},"54":{"start":{"line":99,"column":21},"end":{"line":99,"column":47}},"55":{"start":{"line":105,"column":4},"end":{"line":116,"column":5}},"56":{"start":{"line":106,"column":23},"end":{"line":106,"column":76}},"57":{"start":{"line":107,"column":24},"end":{"line":114,"column":8}},"58":{"start":{"line":115,"column":6},"end":{"line":115,"column":54}},"59":{"start":{"line":119,"column":21},"end":{"line":119,"column":62}},"60":{"start":{"line":120,"column":4},"end":{"line":122,"column":5}},"61":{"start":{"line":121,"column":6},"end":{"line":121,"column":70}},"62":{"start":{"line":123,"column":4},"end":{"line":123,"column":53}},"63":{"start":{"line":124,"column":4},"end":{"line":124,"column":121}},"64":{"start":{"line":125,"column":4},"end":{"line":125,"column":34}},"65":{"start":{"line":127,"column":4},"end":{"line":127,"column":60}},"66":{"start":{"line":131,"column":0},"end":{"line":131,"column":64}}},"fnMap":{"0":{"name":"generateContractForBooking","decl":{"start":{"line":9,"column":15},"end":{"line":9,"column":41}},"loc":{"start":{"line":9,"column":53},"end":{"line":36,"column":1}},"line":9},"1":{"name":"(anonymous_1)","decl":{"start":{"line":38,"column":27},"end":{"line":38,"column":28}},"loc":{"start":{"line":38,"column":47},"end":{"line":54,"column":1}},"line":38},"2":{"name":"(anonymous_2)","decl":{"start":{"line":56,"column":25},"end":{"line":56,"column":26}},"loc":{"start":{"line":56,"column":45},"end":{"line":66,"column":1}},"line":56},"3":{"name":"(anonymous_3)","decl":{"start":{"line":68,"column":26},"end":{"line":68,"column":27}},"loc":{"start":{"line":68,"column":46},"end":{"line":83,"column":1}},"line":68},"4":{"name":"(anonymous_4)","decl":{"start":{"line":85,"column":26},"end":{"line":85,"column":27}},"loc":{"start":{"line":85,"column":46},"end":{"line":129,"column":1}},"line":85}},"branchMap":{"0":{"loc":{"start":{"line":7,"column":21},"end":{"line":7,"column":95}},"type":"binary-expr","locations":[{"start":{"line":7,"column":21},"end":{"line":7,"column":58}},{"start":{"line":7,"column":62},"end":{"line":7,"column":95}}],"line":7},"1":{"loc":{"start":{"line":17,"column":2},"end":{"line":17,"column":62}},"type":"if","locations":[{"start":{"line":17,"column":2},"end":{"line":17,"column":62}},{"start":{},"end":{}}],"line":17},"2":{"loc":{"start":{"line":17,"column":6},"end":{"line":17,"column":48}},"type":"binary-expr","locations":[{"start":{"line":17,"column":6},"end":{"line":17,"column":14}},{"start":{"line":17,"column":18},"end":{"line":17,"column":48}}],"line":17},"3":{"loc":{"start":{"line":20,"column":2},"end":{"line":20,"column":48}},"type":"if","locations":[{"start":{"line":20,"column":2},"end":{"line":20,"column":48}},{"start":{},"end":{}}],"line":20},"4":{"loc":{"start":{"line":42,"column":4},"end":{"line":42,"column":86}},"type":"if","locations":[{"start":{"line":42,"column":4},"end":{"line":42,"column":86}},{"start":{},"end":{}}],"line":42},"5":{"loc":{"start":{"line":43,"column":4},"end":{"line":45,"column":5}},"type":"if","locations":[{"start":{"line":43,"column":4},"end":{"line":45,"column":5}},{"start":{},"end":{}}],"line":43},"6":{"loc":{"start":{"line":43,"column":8},"end":{"line":43,"column":67}},"type":"binary-expr","locations":[{"start":{"line":43,"column":8},"end":{"line":43,"column":38}},{"start":{"line":43,"column":42},"end":{"line":43,"column":67}}],"line":43},"7":{"loc":{"start":{"line":46,"column":4},"end":{"line":48,"column":5}},"type":"if","locations":[{"start":{"line":46,"column":4},"end":{"line":48,"column":5}},{"start":{},"end":{}}],"line":46},"8":{"loc":{"start":{"line":73,"column":4},"end":{"line":73,"column":83}},"type":"if","locations":[{"start":{"line":73,"column":4},"end":{"line":73,"column":83}},{"start":{},"end":{}}],"line":73},"9":{"loc":{"start":{"line":76,"column":4},"end":{"line":78,"column":5}},"type":"if","locations":[{"start":{"line":76,"column":4},"end":{"line":78,"column":5}},{"start":{},"end":{}}],"line":76},"10":{"loc":{"start":{"line":76,"column":8},"end":{"line":76,"column":58}},"type":"binary-expr","locations":[{"start":{"line":76,"column":8},"end":{"line":76,"column":17}},{"start":{"line":76,"column":21},"end":{"line":76,"column":29}},{"start":{"line":76,"column":33},"end":{"line":76,"column":58}}],"line":76},"11":{"loc":{"start
[...]
ine":35,"column":45},"end":{"line":69,"column":1}},"line":35},"2":{"name":"(anonymous_2)","decl":{"start":{"line":64,"column":50},"end":{"line":64,"column":51}},"loc":{"start":{"line":64,"column":57},"end":{"line":64,"column":59}},"line":64},"3":{"name":"(anonymous_3)","decl":{"start":{"line":74,"column":23},"end":{"line":74,"column":24}},"loc":{"start":{"line":74,"column":42},"end":{"line":94,"column":1}},"line":74},"4":{"name":"(anonymous_4)","decl":{"start":{"line":89,"column":50},"end":{"line":89,"column":51}},"loc":{"start":{"line":89,"column":57},"end":{"line":89,"column":59}},"line":89},"5":{"name":"(anonymous_5)","decl":{"start":{"line":98,"column":24},"end":{"line":98,"column":25}},"loc":{"start":{"line":98,"column":45},"end":{"line":118,"column":1}},"line":98},"6":{"name":"(anonymous_6)","decl":{"start":{"line":113,"column":50},"end":{"line":113,"column":51}},"loc":{"start":{"line":113,"column":57},"end":{"line":113,"column":59}},"line":113}},"branchMap":{"0":{"loc":{"start":{"line":21,"column":2},"end":{"line":25,"column":3}},"type":"if","locations":[{"start":{"line":21,"column":2},"end":{"line":25,"column":3}},{"start":{},"end":{}}],"line":21},"1":{"loc":{"start":{"line":63,"column":2},"end":{"line":66,"column":3}},"type":"if","locations":[{"start":{"line":63,"column":2},"end":{"line":66,"column":3}},{"start":{},"end":{}}],"line":63},"2":{"loc":{"start":{"line":65,"column":20},"end":{"line":65,"column":82}},"type":"binary-expr","locations":[{"start":{"line":65,"column":20},"end":{"line":65,"column":37}},{"start":{"line":65,"column":41},"end":{"line":65,"column":82}}],"line":65},"3":{"loc":{"start":{"line":88,"column":2},"end":{"line":91,"column":3}},"type":"if","locations":[{"start":{"line":88,"column":2},"end":{"line":91,"column":3}},{"start":{},"end":{}}],"line":88},"4":{"loc":{"start":{"line":90,"column":20},"end":{"line":90,"column":81}},"type":"binary-expr","locations":[{"start":{"line":90,"column":20},"end":{"line":90,"column":37}},{"start":{"line":90,"column":41},"end":{"line":90,"column":81}}],"line":90},"5":{"loc":{"start":{"line":112,"column":2},"end":{"line":115,"column":3}},"type":"if","locations":[{"start":{"line":112,"column":2},"end":{"line":115,"column":3}},{"start":{},"end":{}}],"line":112},"6":{"loc":{"start":{"line":114,"column":20},"end":{"line":114,"column":72}},"type":"binary-expr","locations":[{"start":{"line":114,"column":20},"end":{"line":114,"column":37}},{"start":{"line":114,"column":41},"end":{"line":114,"column":72}}],"line":114}},"s":{"0":0,"1":0,"2":0,"3":0,"4":0,"5":0,"6":0,"7":0,"8":0,"9":0,"10":0,"11":0,"12":0,"13":0,"14":0,"15":0,"16":0,"17":0,"18":0,"19":0,"20":0,"21":0,"22":0,"23":0,"24":0,"25":0,"26":0,"27":0,"28":0,"29":0,"30":0},"f":{"0":0,"1":0,"2":0,"3":0,"4":0,"5":0,"6":0},"b":{"0":[0,0],"1":[0,0],"2":[0,0],"3":[0,0],"4":[0,0],"5":[0,0],"6":[0,0]}}
,"C:\\Users\\OLIVE\\Desktop\\sailingloc_projet\\backend\\src\\services\\stripeService.js": {"path":"C:\\Users\\OLIVE\\Desktop\\sailingloc_projet\\backend\\src\\services\\stripeService.js","statementMap":{"0":{"start":{"line":1,"column":15},"end":{"line":1,"column":32}},"1":{"start":{"line":3,"column":15},"end":{"line":3,"column":52}},"2":{"start":{"line":5,"column":0},"end":{"line":34,"column":2}},"3":{"start":{"line":6,"column":18},"end":{"line":31,"column":4}},"4":{"start":{"line":33,"column":2},"end":{"line":33,"column":17}}},"fnMap":{"0":{"name":"(anonymous_0)","decl":{"start":{"line":5,"column":32},"end":{"line":5,"column":33}},"loc":{"start":{"line":5,"column":55},"end":{"line":34,"column":1}},"line":5}},"branchMap":{},"s":{"0":0,"1":0,"2":0,"3":0,"4":0},"f":{"0":0},"b":{}}
,"C:\\Users\\OLIVE\\Desktop\\sailingloc_projet\\backend\\src\\utils\\bookingCalculations.js": {"path":"C:\\Users\\OLIVE\\Desktop\\sailingloc_projet\\backend\\src\\utils\\bookingCalculations.js","statementMap":{"0":{"start":{"line":6,"column":16},"end":{"line":6,"column":35}},"1":{"start":{"line":7,"column":14},"end":{"line":7,"column":31}},"2":{"start":{"line":8,"column":2},"end":{"line":8,"column":58}},"3":{"start":{"line":12,"column":16},"end":{"line":12,"column":45}},"4":{"start":{"line":13,"column":2},"end":{"line":13,"column":26}},"5":{"start":{"line":17,"column":2},"end":{"line":17,"column":37}},"6":{"start":{"line":21,"column":2},"end":{"line":21,"column":51}},"7":{"start":{"line":25,"column":2},"end":{"line":25,"column":43}},"8":{"start":{"line":25,"column":30},"end":{"line":25,"column":43}},"9":{"start":{"line":26,"column":16},"end":{"line":26,"column":35}},"10":{"start":{"line":27,"column":14},"end":{"line":27,"column":31}},"11":{"start":{"line":28,"column":2},"end":{"line":28,"column":67}},"12":{"start":{"line":28,"column":54},"end":{"line":28,"column":67}},"13":{"start":{"line":29,"column":2},"end":{"line":29,"column":21}},"14":{"start":{"line":33,"column":12},"end":{"line":33,"column":26}},"15":{"start":{"line":34,"column":2},"end":{"line":34,"column":59}},"16":{"start":{"line":37,"column":0},"end":{"line":44,"column":2}}},"fnMap":{"0":{"name":"diffJours","decl":{"start":{"line":5,"column":9},"end":{"line":5,"column":18}},"loc":{"start":{"line":5,"column":39},"end":{"line":9,"column":1}},"line":5},"1":{"name":"calculerMontant","decl":{"start":{"line":11,"column":9},"end":{"line":11,"column":24}},"loc":{"start":{"line":11,"column":55},"end":{"line":14,"column":1}},"line":11},"2":{"name":"calculerCommission","decl":{"start":{"line":16,"column":9},"end":{"line":16,"column":27}},"loc":{"start":{"line":16,"column":39},"end":{"line":18,"column":1}},"line":16},"3":{"name":"calculerTotal","decl":{"start":{"line":20,"column":9},"end":{"line":20,"column":22}},"loc":{"start":{"line":20,"column":34},"end":{"line":22,"column":1}},"line":20},"4":{"name":"validerDates","decl":{"start":{"line":24,"column":9},"end":{"line":24,"column":21}},"loc":{"start":{"line":24,"column":42},"end":{"line":30,"column":1}},"line":24},"5":{"name":"validerPersonnes","decl":{"start":{"line":32,"column":9},"end":{"line":32,"column":25}},"loc":{"start":{"line":32,"column":47},"end":{"line":35,"column":1}},"line":32}},"branchMap":{"0":{"loc":{"start":{"line":25,"column":2},"end":{"line":25,"column":43}},"type":"if","locations":[{"start":{"line":25,"column":2},"end":{"line":25,"column":43}},{"start":{},"end":{}}],"line":25},"1":{"loc":{"start":{"line":25,"column":6},"end":{"line":25,"column":28}},"type":"binary-expr","locations":[{"start":{"line":25,"column":6},"end":{"line":25,"column":16}},{"start":{"line":25,"column":20},"end":{"line":25,"column":28}}],"line":25},"2":{"loc":{"start":{"line":28,"column":2},"end":{"line":28,"column":67}},"type":"if","locations":[{"start":{"line":28,"column":2},"end":{"line":28,"column":67}},{"start":{},"end":{}}],"line":28},"3":{"loc":{"start":{"line":28,"column":6},"end":{"line":28,"column":52}},"type":"binary-expr","locations":[{"start":{"line":28,"column":6},"end":{"line":28,"column":28}},{"start":{"line":28,"column":32},"end":{"line":28,"column":52}}],"line":28},"4":{"loc":{"start":{"line":34,"column":9},"end":{"line":34,"column":58}},"type":"binary-expr","locations":[{"start":{"line":34,"column":9},"end":{"line":34,"column":28}},{"start":{"line":34,"column":32},"end":{"line":34,"column":38}},{"start":{"line":34,"column":42},"end":{"line":34,"column":58}}],"line":34}},"s":{"0":7,"1":7,"2":7,"3":7,"4":7,"5":11,"6":6,"7":8,"8":2,"9":6,"10":6,"11":6,"12":1,"13":5,"14":7,"15":7,"16":2},"f":{"0":7,"1":7,"2":11,"3":6,"4":8,"5":7},"b":{"0":[2,6],"1":[8,7],"2":[1,5],"3":[6,5],"4":[7,6,4]},"_coverageSchema":"1a1c01bbd47fc00a2c39e90264f33305004495a9","hash":"c1eca1dbc6b198c433f229c4659e096f5dee38c8"}
,"C:\\Users\\OLIVE\\Desktop\\sailingloc_projet\\backend\\src\\utils\\fileSignature.js": {"path":"C:\\Users\\OLIVE\\Desktop\\sailingloc_projet\\backend\\src\\utils\\fileSignature.js","statementMap":{"0":{"start":{"line":1,"column":11},"end":{"line":1,"column":24}},"1":{"start":{"line":12,"column":19},"end":{"line":25,"column":1}},"2":{"start":{"line":28,"column":2},"end":{"line":28,"column":66}},"3":{"start":{"line":28,"column":42},"end":{"line":28,"column":64}},"4":{"start":{"line":35,"column":29},"end":{"line":35,"column":57}},"5":{"start":{"line":37,"column":2},"end":{"line":39,"column":3}},"6":{"start":{"line":38,"column":4},"end":{"line":38,"column":17}},"7":{"start":{"line":41,"column":17},"end":{"line":41,"column":43}},"8":{"start":{"line":42,"column":17},"end":{"line":42,"column":33}},"9":{"start":{"line":43,"column":2},"end":{"line":43,"column":40}},"10":{"start":{"line":44,"column":2},"end":{"line":44,"column":23}},"11":{"start":{"line":47,"column":2},"end":{"line":55,"column":3}},"12":{"start":{"line":48,"column":20},"end":{"line":48,"column":70}},"13":{"start":{"line":50,"column":6},"end":{"line":53,"column":25}},"14":{"start":{"line":54,"column":4},"end":{"line":54,"column":30}},"15":{"start":{"line":57,"column":2},"end":{"line":59,"column":4}},"16":{"start":{"line":58,"column":4},"end":{"line":58,"column":39}},"17":{"start":{"line":62,"column":0},"end":{"line":62,"column":42}}},"fnMap":{"0":{"name":"matchesSignature","decl":{"start":{"line":27,"column":9},"end":{"line":27,"column":25}},"loc":{"start":{"line":27,"column":45},"end":{"line":29,"column":1}},"line":27},"1":{"name":"(anonymous_1)","decl":{"start":{"line":28,"column":25},"end":{"line":28,"column":26}},"loc":{"start":{"line":28,"column":42},"end":{"line":28,"column":64}},"line":28},"2":{"name":"isFileSignatureValid","decl":{"start":{"line":34,"column":9},"end":{"line":34,"column":29}},"loc":{"start":{"line":34,"column":58},"end":{"line":60,"column":1}},"line":34},"3":{"name":"(anonymous_3)","decl":{"start":{"line":57,"column":33},"end":{"line":57,"column":34}},"loc":{"start":{"line":58,"column":4},"end":{"line":58,"column":39}},"line":58}},"branchMap":{"0":{"loc":{"start":{"line":37,"column":2},"end":{"line":39,"column":3}},"type":"if","locations":[{"start":{"line":37,"column":2},"end":{"line":39,"column":3}},{"start":{},"end":{}}],"line":37},"1":{"loc":{"start":{"line":47,"column":2},"end":{"line":55,"column":3}},"type":"if","locations":[{"start":{"line":47,"column":2},"end":{"line":55,"column":3}},{"start":{},"end":{}}],"line":47},"2":{"loc":{"start":{"line":50,"column":6},"end":{"line":53,"column":25}},"type":"binary-expr","locations":[{"start":{"line":50,"column":6},"end":{"line":50,"column":24}},{"start":{"line":51,"column":6},"end":{"line":51,"column":24}},{"start":{"line":52,"column":6},"end":{"line":52,"column":25}},{"start":{"line":53,"column":6},"end":{"line":53,"column":25}}],"line":50},"3":{"loc":{"start":{"line":54,"column":11},"end":{"line":54,"column":29}},"type":"binary-expr","locations":[{"start":{"line":54,"column":11},"end":{"line":54,"column":18}},{"start":{"line":54,"column":22},"end":{"line":54,"column":29}}],"line":54}},"s":{"0":1,"1":1,"2":0,"3":0,"4":0,"5":0,"6":0,"7":0,"8":0,"9":0,"10":0,"11":0,"12":0,"13":0,"14":0,"15":0,"16":0,"17":1},"f":{"0":0,"1":0,"2":0,"3":0},"b":{"0":[0,0],"1":[0,0],"2":[0,0,0,0],"3":[0,0]},"_coverageSchema":"1a1c01bbd47fc00a2c39e90264f33305004495a9","hash":"66a70751282d0981054a73dd00d42c2b34a23e1d"}
,"C:\\Users\\OLIVE\\Desktop\\sailingloc_projet\\backend\\src\\utils\\tokens.js": {"path":"C:\\Users\\OLIVE\\Desktop\\sailingloc_projet\\backend\\src\\utils\\tokens.js","statementMap":{"0":{"start":{"line":1,"column":15},"end":{"line":1,"column":32}},"1":{"start":{"line":5,"column":25},"end":{"line":5,"column":30}},"2":{"start":{"line":6,"column":29},"end":{"line":6,"column":52}},"3":{"start":{"line":7,"column":28},"end":{"line":7,"column":42}},"4":{"start":{"line":14,"column":14},"end":{"line":14,"column":52}},"5":{"start":{"line":15,"column":15},"end":{"line":15,"column":29}},"6":{"start":{"line":16,"column":20},"end":{"line":16,"column":63}},"7":{"start":{"line":17,"column":2},"end":{"line":17,"column":34}},"8":{"start":{"line":21,"column":2},"end":{"line":21,"column":63}},"9":{"start":{"line":33,"column":23},"end":{"line":33,"column":60}},"10":{"start":{"line":34,"column":2},"end":{"line":40,"column":4}},"11":{"start":{"line":43,"column":0},"end":{"line":50,"column":2}}},"fnMap":{"0":{"name":"createRefreshToken","decl":{"start":{"line":13,"column":9},"end":{"line":13,"column":27}},"loc":{"start":{"line":13,"column":30},"end":{"line":18,"column":1}},"line":13},"1":{"name":"hashToken","decl":{"start":{"line":20,"column":9},"end":{"line":20,"column":18}},"loc":{"start":{"line":20,"column":24},"end":{"line":22,"column":1}},"line":20},"2":{"name":"refreshCookieOptions","decl":{"start":{"line":32,"column":9},"end":{"line":32,"column":29}},"loc":{"start":{"line":32,"column":32},"end":{"line":41,"column":1}},"line":32}},"branchMap":{"0":{"loc":{"start":{"line":37,"column":14},"end":{"line":37,"column":43}},"type":"cond-expr","locations":[{"start":{"line":37,"column":29},"end":{"line":37,"column":35}},{"start":{"line":37,"column":38},"end":{"line":37,"column":43}}],"line":37}},"s":{"0":1,"1":1,"2":1,"3":1,"4":5,"5":5,"6":5,"7":5,"8":6,"9":0,"10":0,"11":1},"f":{"0":5,"1":6,"2":0},"b":{"0":[0,0]},"_coverageSchema":"1a1c01bbd47fc00a2c39e90264f33305004495a9","hash":"3c8efda74f7a79096602b943f03abfa3e36356eb"}
,"C:\\Users\\OLIVE\\Desktop\\sailingloc_projet\\backend\\src\\utils\\validators.js": {"path":"C:\\Users\\OLIVE\\Desktop\\sailingloc_projet\\backend\\src\\utils\\validators.js","statementMap":{"0":{"start":{"line":6,"column":2},"end":{"line":6,"column":56}},"1":{"start":{"line":6,"column":43},"end":{"line":6,"column":56}},"2":{"start":{"line":7,"column":2},"end":{"line":7,"column":57}},"3":{"start":{"line":14,"column":2},"end":{"line":16,"column":3}},"4":{"start":{"line":15,"column":4},"end":{"line":15,"column":93}},"5":{"start":{"line":17,"column":2},"end":{"line":19,"column":3}},"6":{"start":{"line":18,"column":4},"end":{"line":18,"column":94}},"7":{"start":{"line":20,"column":2},"end":{"line":22,"column":3}},"8":{"start":{"line":21,"column":4},"end":{"line":21,"column":91}},"9":{"start":{"line":23,"column":2},"end":{"line":25,"column":3}},"10":{"start":{"line":24,"column":4},"end":{"line":24,"column":101}},"11":{"start":{"line":26,"column":2},"end":{"line":26,"column":40}},"12":{"start":{"line":30,"column":12},"end":{"line":30,"column":24}},"13":{"start":{"line":31,"column":2},"end":{"line":31,"column":43}},"14":{"start":{"line":35,"column":12},"end":{"line":35,"column":28}},"15":{"start":{"line":36,"column":2},"end":{"line":36,"column":50}},"16":{"start":{"line":40,"column":12},"end":{"line":40,"column":28}},"17":{"start":{"line":41,"column":2},"end":{"line":41,"column":40}},"18":{"start":{"line":44,"column":19},"end":{"line":44,"column":93}},"19":{"start":{"line":47,"column":2},"end":{"line":47,"column":35}},"20":{"start":{"line":51,"column":13},"end":{"line":51,"column":29}},"21":{"start":{"line":52,"column":13},"end":{"line":52,"column":27}},"22":{"start":{"line":53,"column":13},"end":{"line":53,"column":29}},"23":{"start":{"line":54,"column":13},"end":{"line":54,"column":27}},"24":{"start":{"line":55,"column":2},"end":{"line":55,"column":28}},"25":{"start":{"line":59,"column":2},"end":{"line":59,"column":96}},"26":{"start":{"line":62,"column":0},"end":{"line":72,"column":2}}},"fnMap":{"0":{"name":"isValidEmail","decl":{"start":{"line":5,"column":9},"end":{"line":5,"column":21}},"loc":{"start":{"line":5,"column":29},"end":{"line":8,"column":1}},"line":5},"1":{"name":"validatePasswordFormat","decl":{"start":{"line":13,"column":9},"end":{"line":13,"column":31}},"loc":{"start":{"line":13,"column":44},"end":{"line":27,"column":1}},"line":13},"2":{"name":"isValidPrix","decl":{"start":{"line":29,"column":9},"end":{"line":29,"column":20}},"loc":{"start":{"line":29,"column":27},"end":{"line":32,"column":1}},"line":29},"3":{"name":"isValidCapacite","decl":{"start":{"line":34,"column":9},"end":{"line":34,"column":24}},"loc":{"start":{"line":34,"column":35},"end":{"line":37,"column":1}},"line":34},"4":{"name":"isValidLongueur","decl":{"start":{"line":39,"column":9},"end":{"line":39,"column":24}},"loc":{"start":{"line":39,"column":35},"end":{"line":42,"column":1}},"line":39},"5":{"name":"isValidBoatType","decl":{"start":{"line":46,"column":9},"end":{"line":46,"column":24}},"loc":{"start":{"line":46,"column":31},"end":{"line":48,"column":1}},"line":46},"6":{"name":"chevauchementDates","decl":{"start":{"line":50,"column":9},"end":{"line":50,"column":27}},"loc":{"start":{"line":50,"column":56},"end":{"line":56,"column":1}},"line":50},"7":{"name":"datesDansPlage","decl":{"start":{"line":58,"column":9},"end":{"line":58,"column":23}},"loc":{"start":{"line":58,"column":66},"end":{"line":60,"column":1}},"line":58}},"branchMap":{"0":{"loc":{"start":{"line":6,"column":2},"end":{"line":6,"column":56}},"type":"if","locations":[{"start":{"line":6,"column":2},"end":{"line":6,"column":56}},{"start":{},"end":{}}],"line":6},"1":{"loc":{"start":{"line":6,"column":6},"end":{"line":6,"column":41}},"type":"binary-expr","locations":[{"start":{"line":6,"column":6},"end":{"line":6,"column":12}},{"start":{"line":6,"column":16},"end":{"line":6,"column":41}}],"line":6},"2":{"loc":{"start":{"line":14,"column":2},"end":{"line":16,"column":3}},"type":"if","locations":[{"start":{"line":14,"column":2},"end":{"line":16,"column":3}},{"start":{},"end":{}}],"line":14},"3":{"loc":{"start":{"line":14,"column":6},"end":{"line":14,"column":42}},"type":"binary-expr","locations":[{"start":{"line":14,"column":6},"end":{"line":14,"column":17}},{"start":{"line":14,"column":21},"end":{"line":14,"column":42}}],"line":14},"4":{"loc":{"start":{"line":17,"column":2},"end":{"line":19,"column":3}},"type":"if","locations":[{"start":{"line":17,"column":2},"end":{"line":19,"column":3}},{"start":{},"end":{}}],"line":17},"5":{"loc":{"start":{"line":20,"column":2},"end":{"line":22,"column":3}},"type":"if","locations":[{"start":{"line":20,"column":2},"end":{"line":22,"column":3}},{"start":{},"end":{}}],"line":20},"6":{"loc":{"start":{"line":23,"column":2},"end":{"line":25,"column":3}},"type":"if","locations":[{"start":{"line":23,"column":2},"end":{"line":25,"column":3}},{"start":{},"end":{}}],"line":23},"7":{"loc":{"start":{"line":31,"column":9},"end":{"line":31,"column":42}},"type":"binary-expr","locations":[{"start":{"line":31,"column":9},"end":{"line":31,"column":18}},{"start":{"line":31,"column":22},"end":{"line":31,"column":27}},{"start":{"line":31,"column":31},"end":{"line":31,"column":42}}],"line":31},"8":{"loc":{"start":{"line":36,"column":9},"end":{"line":36,"column":49}},"type":"binary-expr","locations":[{"start":{"line":36,"column":9},"end":{"line":36,"column":28}},{"start":{"line":36,"column":32},"end":{"line":36,"column":38}},{"start":{"line":36,"column":42},"end":{"line":36,"column":49}}],"line":36},"9":{"loc":{"start":{"line":41,"column":9},"end":{"line":41,"column":39}},"type":"binary-expr","locations":[{"start":{"line":41,"column":9},"end":{"line":41,"column":18}},{"start":{"line":41,"column":22},"end":{"line":41,"column":27}},{"start":{"line":41,"column":31},"end":{"line":41,"column":39}}],"line":41},"10":{"loc":{"start":{"line":55,"column":9},"end":{"line":55,"column":27}},"type":"binary-expr","locations":[{"start":{"line":55,"column":9},"end":{"line":55,"column":16}},{"start":{"line":55,"column":20},"end":{"line":55,"column":27}}],"line":55},"11":{"loc":{"start":{"line":59,"column":9},"end":{"line":59,"column":95}},"type":"binary-expr","locations":[{"start":{"line":59,"column":9},"end":{"line":59,"column":52}},{"start":{"line":59,"column":56},"end":{"line":59,"column":95}}],"line":59}},"s":{"0":11,"1":2,"2":9,"3":8,"4":4,"5":4,"6":1,"7":3,"8":1,"9":2,"10":1,"11":1,"12":12,"13":12,"14":9,"15":9,"16":0,"17":0,"18":3,"19":11,"20":6,"21":6,"22":6,"23":6,"24":6,"25":4,"26":3},"f":{"0":11,"1":8,"2":12,"3":9,"4":0,"5":11,"6":6,"7":4},"b":{"0":[2,9],"1":[11,9],"2":[4,4],"3":[8,6],"4":[1,3],"5":[1,2],"6":[1,1],"7":[12,11,7],"8":[9,8,6],"9":[0,0,0],"10":[6,5],"11":[4,3]},"_coverageSchema":"1a1c01bbd47fc00a2c39e90264f33305004495a9","hash":"e421b1c808f48b643167a22f355b979b37b40508"}
}
