TN:
SF:src\controllers\adminController.js
FN:11,(anonymous_0)
FN:30,(anonymous_1)
FN:69,(anonymous_2)
FN:91,(anonymous_3)
FN:118,(anonymous_4)
FN:140,(anonymous_5)
FN:162,(anonymous_6)
FNF:7
FNH:3
FNDA:1,(anonymous_0)
FNDA:0,(anonymous_1)
FNDA:1,(anonymous_2)
FNDA:1,(anonymous_3)
FNDA:0,(anonymous_4)
FNDA:0,(anonymous_5)
FNDA:0,(anonymous_6)
DA:8,1
DA:11,1
DA:12,1
DA:13,1
DA:18,1
DA:23,0
DA:30,1
DA:31,0
DA:32,0
DA:33,0
DA:35,0
DA:36,0
DA:41,0
DA:43,0
DA:44,0
DA:49,0
DA:51,0
DA:62,0
DA:69,1
DA:70,1
DA:71,1
DA:79,1
DA:84,0
DA:91,1
DA:92,1
DA:93,1
DA:106,1
DA:111,0
DA:118,1
DA:119,0
DA:120,0
DA:128,0
DA:133,0
DA:140,1
DA:141,0
DA:142,0
DA:151,0
DA:156,0
DA:162,1
DA:163,0
DA:164,0
DA:165,0
DA:166,0
DA:168,0
DA:169,0
DA:171,0
LF:46
LH:17
BRDA:35,0,0,0
BRDA:35,0,1,0
BRDA:43,1,0,0
BRDA:43,1,1,0
BRDA:165,2,0,0
BRDA:165,2,1,0
BRF:6
BRH:0
end_of_record
TN:
SF:src\controllers\articleController.js
FN:6,(anonymous_0)
FN:27,(anonymous_1)
FN:44,(anonymous_2)
FN:59,(anonymous_3)
FN:91,(anonymous_4)
FN:123,(anonymous_5)
FNF:6
FNH:1
FNDA:1,(anonymous_0)
FNDA:0,(anonymous_1)
FNDA:0,(anonymous_2)
FNDA:0,(anonymous_3)
FNDA:0,(anonymous_4)
FNDA:0,(anonymous_5)
DA:1,1
DA:6,1
DA:7,1
DA:8,1
DA:10,1
DA:11,1
DA:13,1
DA:18,1
DA:20,0
DA:27,1
DA:28,0
DA:29,0
DA:31,0
DA:32,0
DA:35,0
DA:37,0
DA:44,1
DA:45,0
DA:46,0
DA:50,0
DA:52,0
DA:59,1
DA:60,0
DA:61,0
DA:63,0
DA:64,0
DA:69,0
DA:79,0
DA:84,0
DA:91,1
DA:92,0
DA:93,0
DA:95,0
DA:96,0
DA:99,0
DA:101,0
DA:111,0
DA:116,0
DA:123,1
DA:124,0
DA:125,0
DA:127,0
DA:128,0
DA:131,0
DA:133,0
DA:135,0
LF:46
LH:13
BRDA:11,0,0,0
BRDA:11,0,1,1
BRDA:31,1,0,0
BRDA:31,1,1,0
BRDA:31,2,0,0
BRDA:31,2,1,0
BRDA:63,3,0,0
BRDA:63,3,1,0
BRDA:63,4,0,0
BRDA:63,4,1,0
BRDA:63,4,2,0
BRDA:63,4,3,0
BRDA:74,5,0,0
BRDA:74,5,1,0
BRDA:75,6,0,0
BRDA:75,6,1,0
BRDA:95,7,0,0
BRDA:95,7,1,0
BRDA:102,8,0,0
BRDA:102,8,1,0
BRDA:103,9,0,0
BRDA:103,9,1,0
BRDA:104,10,0,0
BRDA:104,10,1,0
BRDA:105,11,0,0
BRDA:105,11,1,0
BRDA:106,12,0,0
BRDA:106,12,1,0
BRDA:107,13,0,0
BRDA:107,13,1,0
BRDA:108,14,0,0
BRDA:108,14,1,0
BRDA:127,15,0,0
BRDA:127,15,1,0
BRF:34
BRH:1
end_of_record
TN:
SF:src\controllers\authController.js
FN:25,(anonymous_0)
FN:30,(anonymous_1)
FN:51,(anonymous_2)
FN:67,(anonymous_3)
FN:136,(anonymous_4)
FN:156,(anonymous_5)
FN:193,(anonymous_6)
FN:209,(anonymous_7)
FN:255,(anonymous_8)
FN:283,(anonymous_9)
FN:311,(anonymous_10)
FN:377,(anonymous_11)
FNF:12
FNH:6
FNDA:2,(anonymous_0)
FNDA:7,(anonymous_1)
FNDA:0,(anonymous_2)
FNDA:3,(anonymous_3)
FNDA:1,(anonymous_4)
FNDA:0,(anonymous_5)
FNDA:1,(anonymous_6)
FNDA:0,(anonymous_7)
FNDA:1,(anonymous_8)
FNDA:0,(anonymous_9)
FNDA:0,(anonymous_10)
FNDA:0,(anonymous_11)
DA:1,2
DA:2,2
DA:3,2
DA:4,2
DA:5,2
DA:6,2
DA:13,2
DA:19,2
DA:25,2
DA:26,2
DA:27,2
DA:30,2
DA:31,7
DA:46,2
DA:47,2
DA:51,2
DA:52,0
DA:54,0
DA:60,0
DA:67,2
DA:68,3
DA:69,3
DA:71,3
DA:72,1
DA:77,2
DA:78,1
DA:83,1
DA:84,1
DA:85,1
DA:89,0
DA:93,0
DA:94,0
DA:102,0
DA:105,0
DA:108,0
DA:117,0
DA:118,0
DA:120,0
DA:126,0
DA:136,2
DA:137,1
DA:138,1
DA:140,1
DA:141,1
DA:149,0
DA:156,0
DA:157,0
DA:161,0
DA:162,0
DA:165,0
DA:170,0
DA:171,0
DA:174,0
DA:175,0
DA:177,0
DA:183,0
DA:193,2
DA:194,1
DA:195,1
DA:197,1
DA:198,1
DA:203,0
DA:205,0
DA:209,0
DA:210,0
DA:211,0
DA:216,0
DA:217,0
DA:220,0
DA:221,0
DA:222,0
DA:225,0
DA:227,0
DA:228,0
DA:234,0
DA:235,0
DA:237,0
DA:239,0
DA:245,0
DA:255,2
DA:256,1
DA:257,1
DA:259,1
DA:260,0
DA:261,0
DA:267,1
DA:269,1
DA:273,0
DA:283,2
DA:284,0
DA:285,0
DA:287,0
DA:288,0
DA:293,0
DA:298,0
DA:311,2
DA:312,0
DA:313,0
DA:315,0
DA:316,0
DA:319,0
DA:323,0
DA:324,0
DA:330,0
DA:331,0
DA:333,0
DA:338,0
DA:340,0
DA:365,0
DA:370,0
DA:377,2
DA:378,0
DA:379,0
DA:381,0
DA:382,0
DA:389,0
DA:390,0
DA:391,0
DA:394,0
DA:398,0
DA:399,0
DA:402,0
DA:403,0
DA:408,0
DA:410,0
DA:416,0
DA:420,0
LF:127
LH:45
BRDA:71,0,0,1
BRDA:71,0,1,2
BRDA:71,1,0,3
BRDA:71,1,1,2
BRDA:71,1,2,2
BRDA:71,1,3,2
BRDA:77,2,0,1
BRDA:77,2,1,1
BRDA:84,3,0,1
BRDA:84,3,1,0
BRDA:93,4,0,0
BRDA:93,4,1,0
BRDA:102,5,0,0
BRDA:102,5,1,0
BRDA:140,6,0,1
BRDA:140,6,1,0
BRDA:140,7,0,1
BRDA:140,7,1,0
BRDA:161,8,0,0
BRDA:161,8,1,0
BRDA:170,9,0,0
BRDA:170,9,1,0
BRDA:197,10,0,1
BRDA:197,10,1,0
BRDA:216,11,0,0
BRDA:216,11,1,0
BRDA:216,12,0,0
BRDA:216,12,1,0
BRDA:220,13,0,0
BRDA:220,13,1,0
BRDA:227,14,0,0
BRDA:227,14,1,0
BRDA:259,15,0,0
BRDA:259,15,1,1
BRDA:287,16,0,0
BRDA:287,16,1,0
BRDA:315,17,0,0
BRDA:315,17,1,0
BRDA:323,18,0,0
BRDA:323,18,1,0
BRDA:381,19,0,0
BRDA:381,19,1,0
BRDA:381,20,0,0
BRDA:381,20,1,0
BRDA:390,21,0,0
BRDA:390,21,1,0
BRDA:398,22,0,0
BRDA:398,22,1,0
BRDA:402,23,0,0
BRDA:402,23,1,0
BRF:50
BRH:13
end_of_record
TN:
SF:src\controllers\availabilityController.js
FN:4,(anonymous_0)
FN:41,(anonymous_1)
FN:62,(anonymous_2)
FN:99,(anonymous_3)
FNF:4
FNH:2
FNDA:1,(anonymous_0)
FNDA:1,(anonymous_1)
FNDA:0,(anonymous_2)
FNDA:0,(anonymous_3)
DA:1,1
DA:4,1
DA:5,1
DA:6,1
DA:8,1
DA:10,1
DA:11,0
DA:16,1
DA:17,0
DA:22,1
DA:29,1
DA:34,0
DA:41,1
DA:42,1
DA:43,1
DA:45,1
DA:50,1
DA:55,0
DA:62,1
DA:63,0
DA:64,0
DA:66,0
DA:70,0
DA:71,0
DA:76,0
DA:80,0
DA:85,0
DA:87,0
DA:92,0
DA:99,1
DA:100,0
DA:101,0
DA:103,0
DA:107,0
DA:108,0
DA:113,0
DA:117,0
DA:122,0
DA:124,0
DA:128,0
LF:40
LH:16
BRDA:10,0,0,0
BRDA:10,0,1,1
BRDA:16,1,0,0
BRDA:16,1,1,1
BRDA:16,2,0,1
BRDA:16,2,1,0
BRDA:70,3,0,0
BRDA:70,3,1,0
BRDA:76,4,0,0
BRDA:76,4,1,0
BRDA:77,5,0,0
BRDA:77,5,1,0
BRDA:107,6,0,0
BRDA:107,6,1,0
BRDA:113,7,0,0
BRDA:113,7,1,0
BRDA:114,8,0,0
BRDA:114,8,1,0
BRF:18
BRH:3
end_of_record
TN:
SF:src\controllers\boatController.js
FN:8,validateBoatFields
FN:49,(anonymous_1)
FN:117,(anonymous_2)
FN:202,(anonymous_3)
FN:209,(anonymous_4)
FN:218,(anonymous_5)
FN:221,(anonymous_6)
FN:238,(anonymous_7)
FN:275,(anonymous_8)
FN:301,(anonymous_9)
FN:325,(anonymous_10)
FNF:11
FNH:7
FNDA:4,validateBoatFields
FNDA:4,(anonymous_1)
FNDA:1,(anonymous_2)
FNDA:1,(anonymous_3)
FNDA:1,(anonymous_4)
FNDA:1,(anonymous_5)
FNDA:0,(anonymous_6)
FNDA:1,(anonymous_7)
FNDA:0,(anonymous_8)
FNDA:0,(anonymous_9)
FNDA:0,(anonymous_10)
DA:1,1
DA:2,1
DA:3,1
DA:9,4
DA:10,1
DA:12,3
DA:13,1
DA:15,2
DA:16,0
DA:18,2
DA:19,1
DA:21,1
DA:29,1
DA:46,1
DA:49,1
DA:50,4
DA:54,4
DA:55,0
DA:62,0
DA:63,0
DA:82,4
DA:84,4
DA:85,4
DA:86,3
DA:89,1
DA:105,1
DA:110,0
DA:117,1
DA:118,1
DA:127,1
DA:129,1
DA:131,1
DA:132,0
DA:137,1
DA:138,0
DA:141,1
DA:142,0
DA:147,1
DA:148,0
DA:151,1
DA:152,0
DA:154,0
DA:155,0
DA:158,0
DA:159,0
DA:163,1
DA:164,0
DA:183,1
DA:202,1
DA:203,1
DA:208,1
DA:209,1
DA:210,1
DA:211,1
DA:214,1
DA:219,1
DA:220,1
DA:221,0
DA:223,1
DA:231,1
DA:238,1
DA:239,1
DA:240,1
DA:242,1
DA:257,1
DA:258,0
DA:263,1
DA:268,0
DA:275,1
DA:276,0
DA:277,0
DA:279,0
DA:281,0
DA:282,0
DA:287,0
DA:288,0
DA:298,0
DA:302,0
DA:306,0
DA:307,0
DA:308,0
DA:311,0
DA:313,0
DA:318,0
DA:325,1
DA:326,0
DA:327,0
DA:329,0
DA:331,0
DA:332,0
DA:337,0
DA:338,0
DA:343,0
DA:345,0
DA:349,0
LF:95
LH:52
BRDA:9,0,0,1
BRDA:9,0,1,3
BRDA:9,1,0,4
BRDA:9,1,1,4
BRDA:12,2,0,1
BRDA:12,2,1,2
BRDA:12,3,0,3
BRDA:12,3,1,3
BRDA:15,4,0,0
BRDA:15,4,1,2
BRDA:15,5,0,2
BRDA:15,5,1,0
BRDA:15,5,2,0
BRDA:18,6,0,1
BRDA:18,6,1,1
BRDA:18,7,0,2
BRDA:18,7,1,2
BRDA:54,8,0,0
BRDA:54,8,1,4
BRDA:62,9,0,0
BRDA:62,9,1,0
BRDA:85,10,0,3
BRDA:85,10,1,1
BRDA:131,11,0,0
BRDA:131,11,1,1
BRDA:137,12,0,0
BRDA:137,12,1,1
BRDA:141,13,0,0
BRDA:141,13,1,1
BRDA:147,14,0,0
BRDA:147,14,1,1
BRDA:151,15,0,0
BRDA:151,15,1,1
BRDA:151,16,0,1
BRDA:151,16,1,1
BRDA:154,17,0,0
BRDA:154,17,1,0
BRDA:158,18,0,0
BRDA:158,18,1,0
BRDA:163,19,0,0
BRDA:163,19,1,1
BRDA:210,20,0,1
BRDA:210,20,1,0
BRDA:219,21,0,1
BRDA:219,21,1,1
BRDA:220,22,0,0
BRDA:220,22,1,1
BRDA:226,23,0,0
BRDA:226,23,1,0
BRDA:257,24,0,0
BRDA:257,24,1,1
BRDA:281,25,0,0
BRDA:281,25,1,0
BRDA:287,26,0,0
BRDA:287,26,1,0
BRDA:287,27,0,0
BRDA:287,27,1,0
BRDA:298,28,0,0
BRDA:298,28,1,0
BRDA:307,29,0,0
BRDA:307,29,1,0
BRDA:331,30,0,0
BRDA:331,30,1,0
BRDA:337,31,0,0
BRDA:337,31,1,0
BRDA:337,32,0,0
BRDA:337,32,1,0
BRF:67
BRH:30
end_of_record
TN:
SF:src\controllers\bookingController.js
FN:20,(anonymous_0)
FN:144,(anonymous_1)
FN:179,(anonymous_2)
FN:217,(anonymous_3)
FN:256,(anonymous_4)
FN:314,(anonymous_5)
FNF:6
FNH:1
FNDA:0,(anonymous_0)
FNDA:1,(anonymous_1)
FNDA:0,(anonymous_2)
FNDA:0,(anonymous_3)
FNDA:0,(anonymous_4)
FNDA:0,(anonymous_5)
DA:1,1
DA:2,1
DA:3,1
DA:4,1
DA:5,1
DA:20,1
DA:21,0
DA:23,0
DA:24,0
DA:26,0
DA:27,0
DA:28,0
DA:33,0
DA:34,0
DA:36,0
DA:37,0
DA:38,0
DA:47,0
DA:52,0
DA:53,0
DA:54,0
DA:62,0
DA:63,0
DA:64,0
DA:72,0
DA:82,0
DA:83,0
DA:84,0
DA:91,0
DA:102,0
DA:103,0
DA:104,0
DA:109,0
DA:110,0
DA:112,0
DA:126,0
DA:128,0
DA:133,0
DA:134,0
DA:144,1
DA:145,1
DA:146,1
DA:162,1
DA:167,0
DA:179,1
DA:180,0
DA:181,0
DA:185,0
DA:186,0
DA:191,0
DA:192,0
DA:197,0
DA:202,0
DA:217,1
DA:218,0
DA:219,0
DA:237,0
DA:242,0
DA:256,1
DA:257,0
DA:258,0
DA:260,0
DA:261,0
DA:266,0
DA:270,0
DA:271,0
DA:276,0
DA:277,0
DA:282,0
DA:283,0
DA:288,0
DA:289,0
DA:291,0
DA:296,0
DA:314,1
DA:315,0
DA:316,0
DA:318,0
DA:319,0
DA:324,0
DA:325,0
DA:330,0
DA:331,0
DA:336,0
DA:337,0
DA:343,0
DA:345,0
DA:346,0
DA:352,0
DA:356,0
DA:357,0
DA:358,0
DA:359,0
DA:361,0
DA:366,0
DA:373,0
DA:374,0
DA:377,0
DA:378,0
DA:380,0
DA:387,0
LF:101
LH:14
BRDA:24,0,0,0
BRDA:26,1,0,0
BRDA:26,1,1,0
BRDA:26,2,0,0
BRDA:26,2,1,0
BRDA:26,2,2,0
BRDA:36,3,0,0
BRDA:36,3,1,0
BRDA:52,4,0,0
BRDA:52,4,1,0
BRDA:62,5,0,0
BRDA:62,5,1,0
BRDA:82,6,0,0
BRDA:82,6,1,0
BRDA:102,7,0,0
BRDA:102,7,1,0
BRDA:185,8,0,0
BRDA:185,8,1,0
BRDA:191,9,0,0
BRDA:191,9,1,0
BRDA:191,10,0,0
BRDA:191,10,1,0
BRDA:260,11,0,0
BRDA:260,11,1,0
BRDA:260,12,0,0
BRDA:260,12,1,0
BRDA:270,13,0,0
BRDA:270,13,1,0
BRDA:276,14,0,0
BRDA:276,14,1,0
BRDA:276,15,0,0
BRDA:276,15,1,0
BRDA:282,16,0,0
BRDA:282,16,1,0
BRDA:288,17,0,0
BRDA:288,17,1,0
BRDA:292,18,0,0
BRDA:292,18,1,0
BRDA:318,19,0,0
BRDA:318,19,1,0
BRDA:324,20,0,0
BRDA:324,20,1,0
BRDA:324,21,0,0
BRDA:324,21,1,0
BRDA:330,22,0,0
BRDA:330,22,1,0
BRDA:336,23,0,0
BRDA:336,23,1,0
BRDA:345,24,0,0
BRDA:345,24,1,0
BRDA:345,25,0,0
BRDA:345,25,1,0
BRDA:356,26,0,0
BRDA:356,26,1,0
BRDA:358,27,0,0
BRDA:358,27,1,0
BRDA:381,28,0,0
BRDA:381,28,1,0
BRF:58
BRH:0
end_of_record
TN:
SF:src\controllers\contractController.js
FN:9,generateContractForBooking
FN:38,(anonymous_1)
FN:56,(anonymous_2)
FN:68,(anonymous_3)
FN:85,(anonymous_4)
FNF:5
FNH:0
FNDA:0,generateContractForBooking
FNDA:0,(anonymous_1)
FNDA:0,(anonymous_2)
FNDA:0,(anonymous_3)
FNDA:0,(anonymous_4)
DA:1,1
DA:2,1
DA:3,1
DA:4,1
DA:5,1
DA:7,1
DA:10,0
DA:17,0
DA:19,0
DA:20,0
DA:22,0
DA:29,0
DA:38,1
DA:39,0
DA:40,0
DA:41,0
DA:42,0
DA:43,0
DA:44,0
DA:46,0
DA:47,0
DA:49,0
DA:50,0
DA:52,0
DA:56,1
DA:57,0
DA:58,0
DA:62,0
DA:64,0
DA:68,1
DA:69,0
DA:70,0
DA:73,0
DA:74,0
DA:75,0
DA:76,0
DA:77,0
DA:79,0
DA:81,0
DA:85,1
DA:86,0
DA:87,0
DA:90,0
DA:92,0
DA:93,0
DA:94,0
DA:95,0
DA:97,0
DA:99,0
DA:105,0
DA:106,0
DA:107,0
DA:115,0
DA:119,0
DA:120,0
DA:121,0
DA:123,0
DA:124,0
DA:125,0
DA:127,0
DA:131,1
LF:61
LH:11
BRDA:7,0,0,1
BRDA:7,0,1,0
BRDA:17,1,0,0
BRDA:17,1,1,0
BRDA:17,2,0,0
BRDA:17,2,1,0
BRDA:20,3,0,0
BRDA:20,3,1,0
BRDA:42,4,0,0
BRDA:42,4,1,0
BRDA:43,5,0,0
BRDA:43,5,1,0
BRDA:43,6,0,0
BRDA:43,6,1,0
BRDA:46,7,0,0
BRDA:46,7,1,0
BRDA:73,8,0,0
BRDA:73,8,1,0
BRDA:76,9,0,0
BRDA:76,9,1,0
BRDA:76,10,0,0
BRDA:76,10,1,0
BRDA:76,10,2,0
BRDA:90,11,0,0
BRDA:90,11,1,0
BRDA:94,12,0,0
BRDA:94,12,1,0
BRDA:94,13,0,0
BRDA:94,13,1,0
BRDA:94,13,2,0
BRDA:97,14,0,0
BRDA:97,14,1,0
BRDA:105,15,0,0
BRDA:105,15,1,0
BRDA:105,16,0,0
BRDA:105,16,1,0
BRDA:113,17,0,0
BRDA:113,17,1,0
BRDA:120,18,0,0
BRDA:120,18,1,0
BRDA:120,19,0,0
BRDA:120,19,1,0
BRDA:124,20,0,0
BRDA:124,20,1,0
BRF:44
BRH:1
end_of_record
TN:
SF:src\controllers\dashboardController.js
FN:4,(anonymous_0)
FN:40,(anonymous_1)
FN:71,(anonymous_2)
FN:75,(anonymous_3)
FN:79,(anonymous_4)
FNF:5
FNH:1
FNDA:1,(anonymous_0)
FNDA:0,(anonymous_1)
FNDA:0,(anonymous_2)
FNDA:0,(anonymous_3)
FNDA:0,(anonymous_4)
DA:1,1
DA:4,1
DA:5,1
DA:6,1
DA:8,1
DA:28,1
DA:33,0
DA:40,1
DA:41,0
DA:42,0
DA:44,0
DA:63,0
DA:65,0
DA:66,0
DA:67,0
DA:68,0
DA:69,0
DA:71,0
DA:72,0
DA:73,0
DA:75,0
DA:76,0
DA:79,0
DA:80,0
DA:81,0
DA:82,0
DA:88,0
DA:90,0
DA:102,0
LF:29
LH:7
BRDA:80,0,0,0
BRDA:80,0,1,0
BRDA:88,1,0,0
BRDA:88,1,1,0
BRF:4
BRH:0
end_of_record
TN:
SF:src\controllers\documentController.js
FN:9,(anonymous_0)
FN:15,(anonymous_1)
FN:20,(anonymous_2)
FN:49,(anonymous_3)
FN:52,(anonymous_4)
FN:74,(anonymous_5)
FN:86,(anonymous_6)
FN:99,(anonymous_7)
FN:145,(anonymous_8)
FN:162,(anonymous_9)
FN:176,(anonymous_10)
FNF:11
FNH:1
FNDA:0,(anonymous_0)
FNDA:0,(anonymous_1)
FNDA:0,(anonymous_2)
FNDA:0,(anonymous_3)
FNDA:0,(anonymous_4)
FNDA:0,(anonymous_5)
FNDA:0,(anonymous_6)
FNDA:0,(anonymous_7)
FNDA:0,(anonymous_8)
FNDA:2,(anonymous_9)
FNDA:0,(anonymous_10)
DA:1,1
DA:2,1
DA:3,1
DA:4,1
DA:5,1
DA:7,1
DA:9,1
DA:10,0
DA:11,0
DA:12,0
DA:15,1
DA:16,0
DA:17,0
DA:20,1
DA:21,0
DA:22,0
DA:24,0
DA:25,0
DA:26,0
DA:29,0
DA:30,0
DA:31,0
DA:32,0
DA:35,0
DA:36,0
DA:37,0
DA:38,0
DA:39,0
DA:41,0
DA:42,0
DA:43,0
DA:48,0
DA:49,0
DA:50,0
DA:52,0
DA:54,0
DA:56,0
DA:58,0
DA:61,0
DA:68,0
DA:70,0
DA:74,1
DA:75,0
DA:76,0
DA:80,0
DA:82,0
DA:86,1
DA:87,0
DA:88,0
DA:89,0
DA:90,0
DA:91,0
DA:92,0
DA:93,0
DA:95,0
DA:99,1
DA:100,0
DA:101,0
DA:102,0
DA:103,0
DA:104,0
DA:105,0
DA:107,0
DA:109,0
DA:115,0
DA:116,0
DA:117,0
DA:118,0
DA:119,0
DA:127,0
DA:131,0
DA:132,0
DA:133,0
DA:135,0
DA:136,0
DA:137,0
DA:138,0
DA:139,0
DA:141,0
DA:145,1
DA:146,0
DA:147,0
DA:148,0
DA:149,0
DA:150,0
DA:151,0
DA:152,0
DA:153,0
DA:155,0
DA:156,0
DA:158,0
DA:162,1
DA:163,2
DA:164,2
DA:165,1
DA:170,1
DA:172,0
DA:176,1
DA:177,0
DA:178,0
DA:179,0
DA:180,0
DA:181,0
DA:182,0
DA:184,0
DA:185,0
DA:186,0
DA:187,0
DA:189,0
DA:190,0
DA:191,0
DA:193,0
DA:194,0
DA:196,0
LF:114
LH:19
BRDA:7,0,0,1
BRDA:7,0,1,0
BRDA:10,1,0,0
BRDA:10,1,1,0
BRDA:11,2,0,0
BRDA:11,2,1,0
BRDA:16,3,0,0
BRDA:16,3,1,0
BRDA:22,4,0,0
BRDA:22,4,1,0
BRDA:24,5,0,0
BRDA:24,5,1,0
BRDA:24,6,0,0
BRDA:24,6,1,0
BRDA:30,7,0,0
BRDA:30,7,1,0
BRDA:30,8,0,0
BRDA:30,8,1,0
BRDA:31,9,0,0
BRDA:31,9,1,0
BRDA:31,10,0,0
BRDA:31,10,1,0
BRDA:35,11,0,0
BRDA:35,11,1,0
BRDA:37,12,0,0
BRDA:37,12,1,0
BRDA:38,13,0,0
BRDA:38,13,1,0
BRDA:38,14,0,0
BRDA:38,14,1,0
BRDA:41,15,0,0
BRDA:41,15,1,0
BRDA:41,16,0,0
BRDA:41,16,1,0
BRDA:42,17,0,0
BRDA:42,17,1,0
BRDA:42,18,0,0
BRDA:42,18,1,0
BRDA:48,19,0,0
BRDA:48,19,1,0
BRDA:52,20,0,0
BRDA:52,20,1,0
BRDA:63,21,0,0
BRDA:63,21,1,0
BRDA:90,22,0,0
BRDA:90,22,1,0
BRDA:91,23,0,0
BRDA:91,23,1,0
BRDA:103,24,0,0
BRDA:103,24,1,0
BRDA:104,25,0,0
BRDA:104,25,1,0
BRDA:107,26,0,0
BRDA:107,26,1,0
BRDA:115,27,0,0
BRDA:115,27,1,0
BRDA:115,28,0,0
BRDA:115,28,1,0
BRDA:122,29,0,0
BRDA:122,29,1,0
BRDA:125,30,0,0
BRDA:125,30,1,0
BRDA:132,31,0,0
BRDA:132,31,1,0
BRDA:132,32,0,0
BRDA:132,32,1,0
BRDA:137,33,0,0
BRDA:137,33,1,0
BRDA:138,34,0,0
BRDA:138,34,1,0
BRDA:149,35,0,0
BRDA:149,35,1,0
BRDA:151,36,0,0
BRDA:151,36,1,0
BRDA:152,37,0,0
BRDA:152,37,1,0
BRDA:164,38,0,1
BRDA:164,38,1,1
BRDA:180,39,0,0
BRDA:180,39,1,0
BRDA:181,40,0,0
BRDA:181,40,1,0
BRDA:181,41,0,0
BRDA:181,41,1,0
BRDA:184,42,0,0
BRDA:184,42,1,0
BRDA:184,43,0,0
BRDA:184,43,1,0
BRDA:189,44,0,0
BRDA:189,44,1,0
BRDA:191,45,0,0
BRDA:191,45,1,0
BRDA:191,46,0,0
BRDA:191,46,1,0
BRF:94
BRH:3
end_of_record
TN:
SF:src\controllers\favoriteController.js
FN:4,(anonymous_0)
FN:17,(anonymous_1)
FN:37,(anonymous_2)
FNF:3
FNH:3
FNDA:1,(anonymous_0)
FNDA:2,(anonymous_1)
FNDA:1,(anonymous_2)
DA:1,1
DA:4,1
DA:5,1
DA:6,1
DA:10,1
DA:12,0
DA:17,1
DA:18,2
DA:19,2
DA:20,2
DA:22,1
DA:24,1
DA:25,0
DA:26,0
DA:29,1
DA:30,1
DA:32,0
DA:37,1
DA:38,1
DA:39,1
DA:40,1
DA:41,1
DA:43,0
LF:23
LH:18
BRDA:20,0,0,1
BRDA:20,0,1,1
BRDA:24,1,0,0
BRDA:24,1,1,1
BRF:4
BRH:3
end_of_record
TN:
SF:src\controllers\messageController.js
FN:5,findConversationForUser
FN:17,(anonymous_1)
FN:48,(anonymous_2)
FN:90,(anonymous_3)
FN:125,(anonymous_4)
FN:167,(anonymous_5)
FN:176,(anonymous_6)
FNF:7
FNH:5
FNDA:1,findConversationForUser
FNDA:1,(anonymous_1)
FNDA:3,(anonymous_2)
FNDA:1,(anonymous_3)
FNDA:1,(anonymous_4)
FNDA:0,(anonymous_5)
FNDA:0,(anonymous_6)
DA:1,1
DA:2,1
DA:6,1
DA:17,1
DA:18,1
DA:19,1
DA:39,1
DA:41,0
DA:48,1
DA:49,3
DA:50,3
DA:51,3
DA:53,3
DA:54,1
DA:57,2
DA:58,1
DA:62,1
DA:72,1
DA:73,1
DA:81,1
DA:83,0
DA:90,1
DA:91,1
DA:92,1
DA:94,1
DA:95,1
DA:98,0
DA:105,0
DA:116,0
DA:118,0
DA:125,1
DA:126,1
DA:127,1
DA:129,1
DA:130,1
DA:133,0
DA:135,0
DA:136,0
DA:139,0
DA:145,0
DA:148,0
DA:153,0
DA:154,0
DA:155,0
DA:158,0
DA:160,0
DA:167,1
DA:168,0
DA:169,0
DA:176,0
DA:178,0
DA:186,0
DA:188,0
LF:53
LH:30
BRDA:53,0,0,1
BRDA:53,0,1,2
BRDA:57,1,0,1
BRDA:57,1,1,1
BRDA:68,2,0,0
BRDA:68,2,1,1
BRDA:72,3,0,1
BRDA:72,3,1,0
BRDA:76,4,0,1
BRDA:76,4,1,1
BRDA:94,5,0,1
BRDA:94,5,1,0
BRDA:129,6,0,1
BRDA:129,6,1,0
BRDA:135,7,0,0
BRDA:135,7,1,0
BRDA:154,8,0,0
BRDA:154,8,1,0
BRF:18
BRH:10
end_of_record
TN:
SF:src\controllers\paymentController.js
FN:26,(anonymous_0)
FN:106,(anonymous_1)
FN:209,(anonymous_2)
FN:284,(anonymous_3)
FN:329,(anonymous_4)
FN:363,(anonymous_5)
FN:388,(anonymous_6)
FN:410,(anonymous_7)
FNF:8
FNH:1
FNDA:0,(anonymous_0)
FNDA:0,(anonymous_1)
FNDA:0,(anonymous_2)
FNDA:0,(anonymous_3)
FNDA:1,(anonymous_4)
FNDA:0,(anonymous_5)
FNDA:0,(anonymous_6)
FNDA:0,(anonymous_7)
DA:1,1
DA:5,1
DA:6,1
DA:7,1
DA:8,1
DA:9,1
DA:26,1
DA:27,0
DA:28,0
DA:29,0
DA:34,0
DA:36,0
DA:46,0
DA:47,0
DA:52,0
DA:56,0
DA:57,0
DA:62,0
DA:64,0
DA:73,0
DA:74,0
DA:76,0
DA:77,0
DA:79,0
DA:82,0
DA:83,0
DA:86,0
DA:92,0
DA:106,1
DA:107,0
DA:111,0
DA:112,0
DA:118,0
DA:121,0
DA:122,0
DA:123,0
DA:124,0
DA:126,0
DA:128,0
DA:129,0
DA:134,0
DA:138,0
DA:139,0
DA:155,0
DA:156,0
DA:159,0
DA:160,0
DA:161,0
DA:163,0
DA:167,0
DA:174,0
DA:175,0
DA:176,0
DA:177,0
DA:180,0
DA:181,0
DA:182,0
DA:183,0
DA:184,0
DA:188,0
DA:192,0
DA:209,1
DA:210,0
DA:211,0
DA:214,0
DA:216,0
DA:217,0
DA:220,0
DA:221,0
DA:222,0
DA:225,0
DA:232,0
DA:233,0
DA:237,0
DA:238,0
DA:239,0
DA:243,0
DA:244,0
DA:245,0
DA:255,0
DA:256,0
DA:258,0
DA:259,0
DA:260,0
DA:262,0
DA:266,0
DA:267,0
DA:268,0
DA:269,0
DA:271,0
DA:272,0
DA:273,0
DA:274,0
DA:275,0
DA:278,0
DA:280,0
DA:284,1
DA:285,0
DA:286,0
DA:288,0
DA:290,0
DA:291,0
DA:296,0
DA:297,0
DA:305,0
DA:306,0
DA:311,0
DA:313,0
DA:319,0
DA:329,1
DA:330,1
DA:331,1
DA:348,1
DA:353,0
DA:363,1
DA:364,0
DA:365,0
DA:367,0
DA:369,0
DA:370,0
DA:375,0
DA:376,0
DA:381,0
DA:382,0
DA:387,0
DA:388,0
DA:390,0
DA:396,0
DA:410,1
DA:411,0
DA:412,0
DA:414,0
DA:416,0
DA:418,0
DA:420,0
DA:421,0
DA:426,0
DA:428,0
DA:429,0
DA:434,0
DA:435,0
DA:440,0
DA:442,0
DA:443,0
DA:452,0
DA:453,0
DA:455,0
DA:456,0
DA:458,0
DA:462,0
DA:467,0
LF:151
LH:16
BRDA:28,0,0,0
BRDA:28,0,1,0
BRDA:46,1,0,0
BRDA:46,1,1,0
BRDA:56,2,0,0
BRDA:56,2,1,0
BRDA:82,3,0,0
BRDA:82,3,1,0
BRDA:82,4,0,0
BRDA:82,4,1,0
BRDA:122,5,0,0
BRDA:122,5,1,0
BRDA:128,6,0,0
BRDA:128,6,1,0
BRDA:138,7,0,0
BRDA:138,7,1,0
BRDA:150,8,0,0
BRDA:150,8,1,0
BRDA:174,9,0,0
BRDA:174,9,1,0
BRDA:181,10,0,0
BRDA:181,10,1,0
BRDA:216,11,0,0
BRDA:216,11,1,0
BRDA:216,12,0,0
BRDA:216,12,1,0
BRDA:221,13,0,0
BRDA:221,13,1,0
BRDA:232,14,0,0
BRDA:232,14,1,0
BRDA:237,15,0,0
BRDA:237,15,1,0
BRDA:244,16,0,0
BRDA:244,16,1,0
BRDA:250,17,0,0
BRDA:250,17,1,0
BRDA:266,18,0,0
BRDA:266,18,1,0
BRDA:272,19,0,0
BRDA:272,19,1,0
BRDA:290,20,0,0
BRDA:290,20,1,0
BRDA:296,21,0,0
BRDA:296,21,1,0
BRDA:296,22,0,0
BRDA:296,22,1,0
BRDA:305,23,0,0
BRDA:305,23,1,0
BRDA:369,24,0,0
BRDA:369,24,1,0
BRDA:375,25,0,0
BRDA:375,25,1,0
BRDA:375,26,0,0
BRDA:375,26,1,0
BRDA:381,27,0,0
BRDA:381,27,1,0
BRDA:388,28,0,0
BRDA:388,28,1,0
BRDA:393,29,0,0
BRDA:393,29,1,0
BRDA:418,30,0,0
BRDA:418,30,1,0
BRDA:420,31,0,0
BRDA:420,31,1,0
BRDA:428,32,0,0
BRDA:428,32,1,0
BRDA:434,33,0,0
BRDA:434,33,1,0
BRDA:434,34,0,0
BRDA:434,34,1,0
BRDA:442,35,0,0
BRDA:442,35,1,0
BRF:72
BRH:0
end_of_record
TN:
SF:src\controllers\reviewController.js
FN:8,(anonymous_0)
FN:27,(anonymous_1)
FN:45,(anonymous_2)
FN:70,(anonymous_3)
FNF:4
FNH:2
FNDA:0,(anonymous_0)
FNDA:0,(anonymous_1)
FNDA:1,(anonymous_2)
FNDA:4,(anonymous_3)
DA:1,1
DA:8,1
DA:9,0
DA:10,0
DA:12,0
DA:26,0
DA:27,0
DA:30,0
DA:36,0
DA:45,1
DA:46,1
DA:47,1
DA:49,1
DA:61,1
DA:63,0
DA:70,1
DA:71,4
DA:72,4
DA:74,4
DA:75,1
DA:80,3
DA:81,1
DA:86,2
DA:90,2
DA:91,0
DA:94,2
DA:95,1
DA:100,1
DA:101,1
DA:106,0
DA:107,0
DA:108,0
DA:113,0
DA:121,0
DA:126,0
LF:35
LH:20
BRDA:26,0,0,0
BRDA:26,0,1,0
BRDA:32,1,0,0
BRDA:32,1,1,0
BRDA:47,2,0,1
BRDA:47,2,1,1
BRDA:74,3,0,1
BRDA:74,3,1,3
BRDA:74,4,0,4
BRDA:74,4,1,3
BRDA:80,5,0,1
BRDA:80,5,1,2
BRDA:80,6,0,3
BRDA:80,6,1,3
BRDA:90,7,0,0
BRDA:90,7,1,2
BRDA:94,8,0,1
BRDA:94,8,1,1
BRDA:100,9,0,1
BRDA:100,9,1,0
BRDA:107,10,0,0
BRDA:107,10,1,0
BRDA:118,11,0,0
BRDA:118,11,1,0
BRF:24
BRH:14
end_of_record
TN:
SF:src\controllers\uploadController.js
FN:10,(anonymous_0)
FN:67,(anonymous_1)
FNF:2
FNH:0
FNDA:0,(anonymous_0)
FNDA:0,(anonymous_1)
DA:1,1
DA:2,1
DA:3,1
DA:4,1
DA:5,1
DA:7,1
DA:10,1
DA:11,0
DA:12,0
DA:14,0
DA:15,0
DA:18,0
DA:19,0
DA:21,0
DA:22,0
DA:25,0
DA:26,0
DA:27,0
DA:32,0
DA:34,0
DA:37,0
DA:38,0
DA:39,0
DA:41,0
DA:45,0
DA:46,0
DA:47,0
DA:48,0
DA:54,0
DA:56,0
DA:62,0
DA:67,1
DA:68,0
DA:69,0
DA:71,0
DA:72,0
DA:74,0
DA:75,0
DA:78,0
DA:79,0
DA:81,0
DA:82,0
DA:83,0
DA:89,0
DA:90,0
DA:91,0
DA:92,0
DA:97,0
DA:99,0
DA:101,0
LF:50
LH:8
BRDA:7,0,0,1
BRDA:7,0,1,0
BRDA:14,1,0,0
BRDA:14,1,1,0
BRDA:19,2,0,0
BRDA:19,2,1,0
BRDA:21,3,0,0
BRDA:21,3,1,0
BRDA:21,4,0,0
BRDA:21,4,1,0
BRDA:25,5,0,0
BRDA:25,5,1,0
BRDA:25,6,0,0
BRDA:25,6,1,0
BRDA:26,7,0,0
BRDA:26,7,1,0
BRDA:26,8,0,0
BRDA:26,8,1,0
BRDA:32,9,0,0
BRDA:32,9,1,0
BRDA:37,10,0,0
BRDA:37,10,1,0
BRDA:45,11,0,0
BRDA:45,11,1,0
BRDA:45,12,0,0
BRDA:45,12,1,0
BRDA:45,12,2,0
BRDA:72,13,0,0
BRDA:72,13,1,0
BRDA:74,14,0,0
BRDA:74,14,1,0
BRDA:74,15,0,0
BRDA:74,15,1,0
BRDA:78,16,0,0
BRDA:78,16,1,0
BRDA:79,17,0,0
BRDA:79,17,1,0
BRDA:79,18,0,0
BRDA:79,18,1,0
BRDA:91,19,0,0
BRDA:91,19,1,0
BRDA:91,20,0,0
BRDA:91,20,1,0
BRF:43
BRH:1
end_of_record
TN:
SF:src\middlewares\authMiddleware.js
FN:3,(anonymous_0)
FNF:1
FNH:1
FNDA:56,(anonymous_0)
DA:1,1
DA:3,1
DA:4,56
DA:6,56
DA:9,56
DA:10,22
DA:16,34
DA:19,34
DA:25,34
DA:28,34
DA:31,0
LF:11
LH:10
BRDA:9,0,0,22
BRDA:9,0,1,34
BRF:2
BRH:2
end_of_record
TN:
SF:src\middlewares\roleMiddleware.js
FN:1,(anonymous_0)
FN:2,(anonymous_1)
FNF:2
FNH:2
FNDA:17,(anonymous_0)
FNDA:16,(anonymous_1)
DA:1,1
DA:2,17
DA:3,16
DA:4,0
DA:9,16
DA:10,7
DA:15,9
LF:7
LH:6
BRDA:3,0,0,0
BRDA:3,0,1,16
BRDA:9,1,0,7
BRDA:9,1,1,9
BRF:4
BRH:3
end_of_record
TN:
SF:src\middlewares\uploadMiddleware.js
FN:24,(anonymous_0)
FN:26,(anonymous_1)
FN:27,(anonymous_2)
FN:45,(anonymous_3)
FN:51,(anonymous_4)
FNF:5
FNH:0
FNDA:0,(anonymous_0)
FNDA:0,(anonymous_1)
FNDA:0,(anonymous_2)
FNDA:0,(anonymous_3)
FNDA:0,(anonymous_4)
DA:1,0
DA:2,0
DA:3,0
DA:4,0
DA:5,0
DA:7,0
DA:8,0
DA:9,0
DA:11,0
DA:13,0
DA:14,0
DA:20,0
DA:21,0
DA:24,0
DA:25,0
DA:26,0
DA:28,0
DA:29,0
DA:34,0
DA:45,0
DA:46,0
DA:47,0
DA:48,0
DA:51,0
DA:52,0
DA:56,0
DA:57,0
DA:61,0
DA:68,0
DA:74,0
LF:30
LH:0
BRDA:11,0,0,0
BRDA:11,0,1,0
BRDA:13,1,0,0
BRDA:13,1,1,0
BRDA:34,2,0,0
BRDA:34,2,1,0
BRDA:47,3,0,0
BRDA:47,3,1,0
BRDA:56,4,0,0
BRDA:56,4,1,0
BRDA:69,5,0,0
BRDA:69,5,1,0
BRF:12
BRH:0
end_of_record
TN:
SF:src\models\Article.js
FNF:0
FNH:0
DA:1,1
DA:2,1
DA:4,1
DA:59,1
LF:4
LH:4
BRF:0
BRH:0
end_of_record
TN:
SF:src\models\Availability.js
FNF:0
FNH:0
DA:1,1
DA:2,1
DA:4,1
DA:27,1
LF:4
LH:4
BRF:0
BRH:0
end_of_record
TN:
SF:src\models\Boat.js
FNF:0
FNH:0
DA:1,1
DA:2,1
DA:4,1
DA:72,1
LF:4
LH:4
BRF:0
BRH:0
end_of_record
TN:
SF:src\models\Booking.js
FNF:0
FNH:0
DA:1,1
DA:2,1
DA:4,1
DA:50,1
LF:4
LH:4
BRF:0
BRH:0
end_of_record
TN:
SF:src\models\Contract.js
FNF:0
FNH:0
DA:1,1
DA:2,1
DA:4,1
DA:32,1
LF:4
LH:4
BRF:0
BRH:0
end_of_record
TN:
SF:src\models\Conversation.js
FNF:0
FNH:0
DA:1,1
DA:2,1
DA:7,1
DA:21,1
LF:4
LH:4
BRF:0
BRH:0
end_of_record
TN:
SF:src\models\Document.js
FNF:0
FNH:0
DA:1,1
DA:2,1
DA:4,1
DA:43,1
LF:4
LH:4
BRF:0
BRH:0
end_of_record
TN:
SF:src\models\Favorite.js
FNF:0
FNH:0
DA:1,1
DA:2,1
DA:4,1
DA:10,1
LF:4
LH:4
BRF:0
BRH:0
end_of_record
TN:
SF:src\models\Message.js
FNF:0
FNH:0
DA:1,1
DA:2,1
DA:4,1
DA:20,1
LF:4
LH:4
BRF:0
BRH:0
end_of_record
TN:
SF:src\models\Payment.js
FNF:0
FNH:0
DA:1,1
DA:2,1
DA:4,1
DA:37,1
LF:4
LH:4
BRF:0
BRH:0
end_of_record
TN:
SF:src\models\RefreshToken.js
FNF:0
FNH:0
DA:1,1
DA:2,1
DA:8,1
DA:32,1
LF:4
LH:4
BRF:0
BRH:0
end_of_record
TN:
SF:src\models\Review.js
FNF:0
FNH:0
DA:1,1
DA:2,1
DA:4,1
DA:26,1
LF:4
LH:4
BRF:0
BRH:0
end_of_record
TN:
SF:src\models\User.js
FNF:0
FNH:0
DA:1,1
DA:2,1
DA:4,1
DA:56,1
LF:4
LH:4
BRF:0
BRH:0
end_of_record
TN:
SF:src\models\index.js
FNF:0
FNH:0
DA:1,1
DA:2,1
DA:3,1
DA:4,1
DA:5,1
DA:6,1
DA:7,1
DA:8,1
DA:9,1
DA:10,1
DA:11,1
DA:12,1
DA:13,1
DA:14,1
DA:17,1
DA:18,1
DA:21,1
DA:22,1
DA:25,1
DA:26,1
DA:29,1
DA:30,1
DA:33,1
DA:34,1
DA:37,1
DA:38,1
DA:41,1
DA:42,1
DA:45,1
DA:46,1
DA:49,1
DA:50,1
DA:53,1
DA:54,1
DA:57,1
DA:58,1
DA:61,1
DA:62,1
DA:63,1
DA:64,1
DA:65,1
DA:66,1
DA:67,1
DA:68,1
DA:69,1
DA:72,1
DA:73,1
DA:74,1
DA:75,1
DA:77,1
LF:50
LH:50
BRF:0
BRH:0
end_of_record
TN:
SF:src\routes\adminRoutes.js
FN:32,(anonymous_0)
FNF:1
FNH:0
FNDA:0,(anonymous_0)
DA:1,1
DA:2,1
DA:4,1
DA:5,1
DA:6,1
DA:9,1
DA:10,1
DA:13,1
DA:14,1
DA:17,1
DA:20,1
DA:23,1
DA:26,1
DA:27,1
DA:29,1
DA:32,1
DA:33,0
DA:34,0
DA:35,0
DA:36,0
DA:38,0
LF:21
LH:16
BRDA:36,0,0,0
BRDA:36,0,1,0
BRF:2
BRH:0
end_of_record
TN:
SF:src\routes\articleRoutes.js
FNF:0
FNH:0
DA:1,1
DA:2,1
DA:3,1
DA:4,1
DA:5,1
DA:8,1
DA:9,1
DA:12,1
DA:19,1
DA:26,1
DA:33,1
DA:40,1
LF:12
LH:12
BRF:0
BRH:0
end_of_record
TN:
SF:src\routes\authRoutes.js
FN:72,(anonymous_0)
FN:85,(anonymous_1)
FNF:2
FNH:0
FNDA:0,(anonymous_0)
FNDA:0,(anonymous_1)
DA:1,1
DA:2,1
DA:3,1
DA:5,1
DA:7,1
DA:8,1
DA:16,1
DA:18,1
DA:28,1
DA:38,1
DA:49,1
DA:50,1
DA:53,1
DA:54,1
DA:57,1
DA:60,1
DA:65,1
DA:68,1
DA:73,0
DA:81,1
DA:86,0
DA:93,1
LF:22
LH:20
BRDA:20,0,0,1
BRDA:20,0,1,0
BRDA:30,1,0,1
BRDA:30,1,1,0
BRDA:40,2,0,1
BRDA:40,2,1,0
BRF:6
BRH:3
end_of_record
TN:
SF:src\routes\availabilityRoutes.js
FNF:0
FNH:0
DA:1,1
DA:2,1
DA:4,1
DA:5,1
DA:6,1
DA:9,1
DA:12,1
DA:19,1
DA:26,1
DA:33,1
LF:10
LH:10
BRF:0
BRH:0
end_of_record
TN:
SF:src\routes\boatRoutes.js
FNF:0
FNH:0
DA:1,1
DA:2,1
DA:4,1
DA:5,1
DA:6,1
DA:9,1
DA:10,1
DA:13,1
DA:20,1
DA:27,1
DA:34,1
LF:11
LH:11
BRF:0
BRH:0
end_of_record
TN:
SF:src\routes\bookingRoutes.js
FNF:0
FNH:0
DA:1,1
DA:3,1
DA:5,1
DA:7,1
DA:8,1
DA:13,1
DA:20,1
DA:30,1
DA:38,1
DA:45,1
DA:53,1
DA:59,1
LF:12
LH:12
BRF:0
BRH:0
end_of_record
TN:
SF:src\routes\contractRoutes.js
FNF:0
FNH:0
DA:1,1
DA:2,1
DA:4,1
DA:5,1
DA:8,1
DA:15,1
DA:22,1
DA:30,1
DA:36,1
LF:9
LH:9
BRF:0
BRH:0
end_of_record
TN:
SF:src\routes\dashboardRoutes.js
FNF:0
FNH:0
DA:1,1
DA:2,1
DA:4,1
DA:5,1
DA:6,1
DA:9,1
DA:10,1
DA:12,1
DA:13,1
DA:15,1
LF:10
LH:10
BRF:0
BRH:0
end_of_record
TN:
SF:src\routes\documentRoutes.js
FNF:0
FNH:0
DA:1,1
DA:2,1
DA:4,1
DA:5,1
DA:6,1
DA:10,1
DA:18,1
DA:26,1
DA:34,1
DA:41,1
DA:48,1
DA:55,1
DA:61,1
LF:13
LH:13
BRF:0
BRH:0
end_of_record
TN:
SF:src\routes\favoriteRoutes.js
FNF:0
FNH:0
DA:1,1
DA:2,1
DA:3,1
DA:4,1
DA:6,1
DA:8,1
DA:9,1
DA:10,1
DA:12,1
LF:9
LH:9
BRF:0
BRH:0
end_of_record
TN:
SF:src\routes\messageRoutes.js
FNF:0
FNH:0
DA:1,1
DA:2,1
DA:3,1
DA:4,1
DA:6,1
DA:8,1
DA:9,1
DA:10,1
DA:11,1
DA:12,1
DA:14,1
LF:11
LH:11
BRF:0
BRH:0
end_of_record
TN:
SF:src\routes\paymentRoutes.js
FNF:0
FNH:0
DA:1,1
DA:2,1
DA:4,1
DA:5,1
DA:6,1
DA:9,1
DA:16,1
DA:22,1
DA:28,1
DA:34,1
DA:43,1
DA:48,1
LF:12
LH:12
BRF:0
BRH:0
end_of_record
TN:
SF:src\routes\reviewRoutes.js
FNF:0
FNH:0
DA:1,1
DA:2,1
DA:3,1
DA:4,1
DA:7,1
DA:10,1
DA:13,1
DA:15,1
LF:8
LH:8
BRF:0
BRH:0
end_of_record
TN:
SF:src\routes\uploadRoutes.js
FNF:0
FNH:0
DA:1,1
DA:2,1
DA:4,1
DA:5,1
DA:6,1
DA:8,1
DA:15,1
DA:21,1
LF:8
LH:8
BRF:0
BRH:0
end_of_record
TN:
SF:src\services\contractService.js
FN:20,formatDate
FN:33,generatePdfBuffer
FN:34,(anonymous_2)
FN:38,(anonymous_3)
FN:39,(anonymous_4)
FN:94,(anonymous_5)
FN:112,(anonymous_6)
FN:135,(anonymous_7)
FN:165,(anonymous_8)
FN:170,(anonymous_9)
FN:178,(anonymous_10)
FNF:11
FNH:0
FNDA:0,formatDate
FNDA:0,generatePdfBuffer
FNDA:0,(anonymous_2)
FNDA:0,(anonymous_3)
FNDA:0,(anonymous_4)
FNDA:0,(anonymous_5)
FNDA:0,(anonymous_6)
FNDA:0,(anonymous_7)
FNDA:0,(anonymous_8)
FNDA:0,(anonymous_9)
FNDA:0,(anonymous_10)
DA:1,1
DA:2,1
DA:3,1
DA:4,1
DA:6,1
DA:8,1
DA:10,1
DA:11,0
DA:17,1
DA:21,0
DA:26,1
DA:27,1
DA:28,1
DA:29,1
DA:30,1
DA:34,0
DA:35,0
DA:36,0
DA:38,0
DA:39,0
DA:40,0
DA:42,0
DA:43,0
DA:46,0
DA:47,0
DA:48,0
DA:49,0
DA:50,0
DA:51,0
DA:52,0
DA:53,0
DA:54,0
DA:55,0
DA:58,0
DA:61,0
DA:62,0
DA:63,0
DA:64,0
DA:65,0
DA:66,0
DA:67,0
DA:68,0
DA:69,0
DA:70,0
DA:73,0
DA:74,0
DA:75,0
DA:76,0
DA:77,0
DA:78,0
DA:79,0
DA:80,0
DA:81,0
DA:82,0
DA:83,0
DA:84,0
DA:87,0
DA:88,0
DA:89,0
DA:90,0
DA:94,0
DA:95,0
DA:96,0
DA:97,0
DA:98,0
DA:100,0
DA:103,0
DA:104,0
DA:105,0
DA:106,0
DA:107,0
DA:112,0
DA:113,0
DA:114,0
DA:116,0
DA:117,0
DA:118,0
DA:119,0
DA:120,0
DA:121,0
DA:122,0
DA:123,0
DA:126,0
DA:127,0
DA:128,0
DA:135,0
DA:136,0
DA:137,0
DA:141,0
DA:142,0
DA:143,0
DA:144,0
DA:145,0
DA:146,0
DA:147,0
DA:148,0
DA:149,0
DA:150,0
DA:151,0
DA:154,0
DA:155,0
DA:157,0
DA:158,0
DA:160,0
DA:165,1
DA:166,0
DA:168,0
DA:170,0
DA:171,0
DA:179,0
DA:180,0
DA:183,0
DA:187,0
DA:190,0
DA:191,0
DA:192,0
DA:193,0
DA:197,1
LF:118
LH:15
BRDA:8,0,0,1
BRDA:8,0,1,0
BRDA:10,1,0,0
BRDA:10,1,1,1
BRDA:92,2,0,0
BRDA:92,2,1,0
BRDA:95,3,0,0
BRDA:95,3,1,0
BRDA:98,4,0,0
BRDA:98,4,1,0
BRDA:110,5,0,0
BRDA:110,5,1,0
BRDA:114,6,0,0
BRDA:114,6,1,0
BRDA:168,7,0,0
BRDA:168,7,1,0
BRDA:179,8,0,0
BRDA:179,8,1,0
BRF:18
BRH:2
end_of_record
TN:
SF:src\services\emailService.js
FN:22,(anonymous_0)
FN:36,fetchBuffer
FN:37,(anonymous_2)
FN:39,(anonymous_3)
FN:46,(anonymous_4)
FN:47,(anonymous_5)
FN:54,(anonymous_6)
FN:82,(anonymous_7)
FN:165,(anonymous_8)
FNF:9
FNH:0
FNDA:0,(anonymous_0)
FNDA:0,fetchBuffer
FNDA:0,(anonymous_2)
FNDA:0,(anonymous_3)
FNDA:0,(anonymous_4)
FNDA:0,(anonymous_5)
FNDA:0,(anonymous_6)
FNDA:0,(anonymous_7)
FNDA:0,(anonymous_8)
DA:1,1
DA:2,1
DA:3,1
DA:4,1
DA:6,1
DA:22,1
DA:23,0
DA:24,0
DA:25,0
DA:27,0
DA:31,1
DA:37,0
DA:38,0
DA:40,0
DA:41,0
DA:42,0
DA:43,0
DA:45,0
DA:46,0
DA:47,0
DA:48,0
DA:54,1
DA:55,0
DA:56,0
DA:63,0
DA:64,0
DA:68,0
DA:69,0
DA:70,0
DA:71,0
DA:72,0
DA:73,0
DA:74,0
DA:78,0
DA:82,1
DA:83,0
DA:85,0
DA:86,0
DA:87,0
DA:88,0
DA:89,0
DA:95,0
DA:96,0
DA:97,0
DA:98,0
DA:109,0
DA:113,0
DA:114,0
DA:117,0
DA:121,0
DA:165,1
DA:166,0
DA:167,0
DA:168,0
DA:171,0
DA:174,0
DA:176,0
DA:217,1
LF:58
LH:11
BRDA:7,0,0,1
BRDA:7,0,1,1
BRDA:8,1,0,1
BRDA:8,1,1,1
BRDA:16,2,0,1
BRDA:16,2,1,1
BRDA:23,3,0,0
BRDA:23,3,1,0
BRDA:40,4,0,0
BRDA:40,4,1,0
BRDA:40,5,0,0
BRDA:40,5,1,0
BRDA:54,6,0,0
BRDA:57,7,0,0
BRDA:57,7,1,0
BRDA:69,8,0,0
BRDA:69,8,1,0
BRDA:70,9,0,0
BRDA:70,9,1,0
BRDA:71,10,0,0
BRDA:71,10,1,0
BRDA:71,11,0,0
BRDA:71,11,1,0
BRDA:85,12,0,0
BRDA:85,12,1,0
BRDA:87,13,0,0
BRDA:87,13,1,0
BRDA:87,14,0,0
BRDA:87,14,1,0
BRDA:90,15,0,0
BRDA:90,15,1,0
BRDA:97,16,0,0
BRDA:97,16,1,0
BRDA:99,17,0,0
BRDA:99,17,1,0
BRDA:114,18,0,0
BRDA:114,18,1,0
BRDA:117,19,0,0
BRDA:117,19,1,0
BRDA:123,20,0,0
BRDA:123,20,1,0
BRDA:135,21,0,0
BRDA:135,21,1,0
BRDA:137,22,0,0
BRDA:137,22,1,0
BRDA:143,23,0,0
BRDA:143,23,1,0
BRDA:145,24,0,0
BRDA:145,24,1,0
BRDA:145,24,2,0
BRDA:148,25,0,0
BRDA:148,25,1,0
BRDA:148,26,0,0
BRDA:148,26,1,0
BRDA:168,27,0,0
BRDA:168,27,1,0
BRDA:171,28,0,0
BRDA:171,28,1,0
BRDA:174,29,0,0
BRDA:174,29,1,0
BRDA:178,30,0,0
BRDA:178,30,1,0
BRDA:190,31,0,0
BRDA:190,31,1,0
BRDA:192,32,0,0
BRDA:192,32,1,0
BRDA:192,33,0,0
BRDA:192,33,1,0
BRDA:196,34,0,0
BRDA:196,34,1,0
BRDA:198,35,0,0
BRDA:198,35,1,0
BRF:72
BRH:6
end_of_record
TN:
SF:src\services\paypalService.js
FN:7,getAccessToken
FN:35,(anonymous_1)
FN:64,(anonymous_2)
FN:74,(anonymous_3)
FN:89,(anonymous_4)
FN:98,(anonymous_5)
FN:113,(anonymous_6)
FNF:7
FNH:0
FNDA:0,getAccessToken
FNDA:0,(anonymous_1)
FNDA:0,(anonymous_2)
FNDA:0,(anonymous_3)
FNDA:0,(anonymous_4)
FNDA:0,(anonymous_5)
FNDA:0,(anonymous_6)
DA:5,0
DA:8,0
DA:12,0
DA:21,0
DA:22,0
DA:27,0
DA:28,0
DA:35,0
DA:36,0
DA:38,0
DA:63,0
DA:64,0
DA:65,0
DA:68,0
DA:74,0
DA:75,0
DA:77,0
DA:88,0
DA:89,0
DA:90,0
DA:93,0
DA:98,0
DA:99,0
DA:101,0
DA:112,0
DA:113,0
DA:114,0
DA:117,0
LF:28
LH:0
BRDA:21,0,0,0
BRDA:21,0,1,0
BRDA:63,1,0,0
BRDA:63,1,1,0
BRDA:65,2,0,0
BRDA:65,2,1,0
BRDA:88,3,0,0
BRDA:88,3,1,0
BRDA:90,4,0,0
BRDA:90,4,1,0
BRDA:112,5,0,0
BRDA:112,5,1,0
BRDA:114,6,0,0
BRDA:114,6,1,0
BRF:14
BRH:0
end_of_record
TN:
SF:src\services\stripeService.js
FN:5,(anonymous_0)
FNF:1
FNH:0
FNDA:0,(anonymous_0)
DA:1,0
DA:3,0
DA:5,0
DA:6,0
DA:33,0
LF:5
LH:0
BRF:0
BRH:0
end_of_record
TN:
SF:src\utils\bookingCalculations.js
FN:5,diffJours
FN:11,calculerMontant
FN:16,calculerCommission
FN:20,calculerTotal
FN:24,validerDates
FN:32,validerPersonnes
FNF:6
FNH:6
FNDA:7,diffJours
FNDA:7,calculerMontant
FNDA:11,calculerCommission
FNDA:6,calculerTotal
FNDA:8,validerDates
FNDA:7,validerPersonnes
DA:6,7
DA:7,7
DA:8,7
DA:12,7
DA:13,7
DA:17,11
DA:21,6
DA:25,8
DA:26,6
DA:27,6
DA:28,6
DA:29,5
DA:33,7
DA:34,7
DA:37,2
LF:15
LH:15
BRDA:25,0,0,2
BRDA:25,0,1,6
BRDA:25,1,0,8
BRDA:25,1,1,7
BRDA:28,2,0,1
BRDA:28,2,1,5
BRDA:28,3,0,6
BRDA:28,3,1,5
BRDA:34,4,0,7
BRDA:34,4,1,6
BRDA:34,4,2,4
BRF:11
BRH:11
end_of_record
TN:
SF:src\utils\fileSignature.js
FN:27,matchesSignature
FN:28,(anonymous_1)
FN:34,isFileSignatureValid
FN:57,(anonymous_3)
FNF:4
FNH:0
FNDA:0,matchesSignature
FNDA:0,(anonymous_1)
FNDA:0,isFileSignatureValid
FNDA:0,(anonymous_3)
DA:1,1
DA:12,1
DA:28,0
DA:35,0
DA:37,0
DA:38,0
DA:41,0
DA:42,0
DA:43,0
DA:44,0
DA:47,0
DA:48,0
DA:50,0
DA:54,0
DA:57,0
DA:58,0
DA:62,1
LF:17
LH:3
BRDA:37,0,0,0
BRDA:37,0,1,0
BRDA:47,1,0,0
BRDA:47,1,1,0
BRDA:50,2,0,0
BRDA:50,2,1,0
BRDA:50,2,2,0
BRDA:50,2,3,0
BRDA:54,3,0,0
BRDA:54,3,1,0
BRF:10
BRH:0
end_of_record
TN:
SF:src\utils\tokens.js
FN:13,createRefreshToken
FN:20,hashToken
FN:32,refreshCookieOptions
FNF:3
FNH:2
FNDA:5,createRefreshToken
FNDA:6,hashToken
FNDA:0,refreshCookieOptions
DA:1,1
DA:5,1
DA:6,1
DA:7,1
DA:14,5
DA:15,5
DA:16,5
DA:17,5
DA:21,6
DA:33,0
DA:34,0
DA:43,1
LF:12
LH:10
BRDA:37,0,0,0
BRDA:37,0,1,0
BRF:2
BRH:0
end_of_record
TN:
SF:src\utils\validators.js
FN:5,isValidEmail
FN:13,validatePasswordFormat
FN:29,isValidPrix
FN:34,isValidCapacite
FN:39,isValidLongueur
FN:46,isValidBoatType
FN:50,chevauchementDates
FN:58,datesDansPlage
FNF:8
FNH:7
FNDA:11,isValidEmail
FNDA:8,validatePasswordFormat
FNDA:12,isValidPrix
FNDA:9,isValidCapacite
FNDA:0,isValidLongueur
FNDA:11,isValidBoatType
FNDA:6,chevauchementDates
FNDA:4,datesDansPlage
DA:6,11
DA:7,9
DA:14,8
DA:15,4
DA:17,4
DA:18,1
DA:20,3
DA:21,1
DA:23,2
DA:24,1
DA:26,1
DA:30,12
DA:31,12
DA:35,9
DA:36,9
DA:40,0
DA:41,0
DA:44,3
DA:47,11
DA:51,6
DA:52,6
DA:53,6
DA:54,6
DA:55,6
DA:59,4
DA:62,3
LF:26
LH:24
BRDA:6,0,0,2
BRDA:6,0,1,9
BRDA:6,1,0,11
BRDA:6,1,1,9
BRDA:14,2,0,4
BRDA:14,2,1,4
BRDA:14,3,0,8
BRDA:14,3,1,6
BRDA:17,4,0,1
BRDA:17,4,1,3
BRDA:20,5,0,1
BRDA:20,5,1,2
BRDA:23,6,0,1
BRDA:23,6,1,1
BRDA:31,7,0,12
BRDA:31,7,1,11
BRDA:31,7,2,7
BRDA:36,8,0,9
BRDA:36,8,1,8
BRDA:36,8,2,6
BRDA:41,9,0,0
BRDA:41,9,1,0
BRDA:41,9,2,0
BRDA:55,10,0,6
BRDA:55,10,1,5
BRDA:59,11,0,4
BRDA:59,11,1,3
BRF:27
BRH:24
end_of_record
